#
# There is insufficient memory for the Java Runtime Environment to continue.
# Native memory allocation (malloc) failed to allocate 65552 bytes for Chunk::new
# Possible reasons:
#   The system is out of physical RAM or swap space
#   In 32 bit mode, the process size limit was hit
# Possible solutions:
#   Reduce memory load on the system
#   Increase physical memory or swap space
#   Check if swap backing store is full
#   Use 64 bit Java on a 64 bit OS
#   Decrease Java heap size (-Xmx/-Xms)
#   Decrease number of Java threads
#   Decrease Java thread stack sizes (-Xss)
#   Set larger code cache with -XX:ReservedCodeCacheSize=
# This output file may be truncated or incomplete.
#
#  Out of Memory Error (allocation.cpp:390), pid=12436, tid=0x0000000000000c88
#
# JRE version: OpenJDK Runtime Environment (8.0_152-b01) (build 1.8.0_152-release-1343-b01)
# Java VM: OpenJDK 64-Bit Server VM (25.152-b01 mixed mode windows-amd64 compressed oops)
# Failed to write core dump. Minidumps are not enabled by default on client versions of Windows
#

---------------  T H R E A D  ---------------

Current thread (0x00000000180ee000):  JavaThread "C2 CompilerThread1" daemon [_thread_in_native, id=3208, stack(0x00000000187a0000,0x00000000188a0000)]

Stack: [0x00000000187a0000,0x00000000188a0000]
[error occurred during error reporting (printing stack bounds), id 0xc0000005]

Native frames: (J=compiled Java code, j=interpreted, Vv=VM code, C=native code)


Current CompileTask:
C2:2580167 20390       4       com.android.tools.r8.ir.code.Phi::removeTrivialPhi (353 bytes)


---------------  P R O C E S S  ---------------

Java Threads: ( => current thread )
  0x000000001efed000 JavaThread "ForkJoinPool.commonPool-worker-7" daemon [_thread_in_Java, id=8040, stack(0x000000002ae30000,0x000000002af30000)]
  0x000000001eff0000 JavaThread "ForkJoinPool.commonPool-worker-6" daemon [_thread_in_Java, id=9252, stack(0x000000002ad30000,0x000000002ae30000)]
  0x000000001efef800 JavaThread "Cache worker for Java compile cache (F:\AndroidWork\ArtisanProject\.gradle\5.1.1\javaCompile)" [_thread_blocked, id=5620, stack(0x000000002ac30000,0x000000002ad30000)]
  0x000000001efee800 JavaThread "Cache worker for Java compile cache (C:\Users\Administrator\.gradle\caches\5.1.1\javaCompile)" [_thread_blocked, id=9060, stack(0x000000002ab30000,0x000000002ac30000)]
  0x000000001efec800 JavaThread "RMI TCP Connection(1)-127.0.0.1" daemon [_thread_in_native, id=10604, stack(0x000000002aa30000,0x000000002ab30000)]
  0x000000001efe3800 JavaThread "RMI Reaper" [_thread_blocked, id=6936, stack(0x000000002a930000,0x000000002aa30000)]
  0x000000001efe2800 JavaThread "RMI TCP Accept-0" daemon [_thread_in_native, id=8100, stack(0x000000002a830000,0x000000002a930000)]
  0x000000001efe4000 JavaThread "GC Daemon" daemon [_thread_blocked, id=12512, stack(0x000000002a730000,0x000000002a830000)]
  0x000000001efe8800 JavaThread "RMI Scheduler(0)" daemon [_thread_blocked, id=10644, stack(0x000000002a530000,0x000000002a630000)]
  0x000000001efe5000 JavaThread "stdout" daemon [_thread_in_native, id=13012, stack(0x000000002a330000,0x000000002a430000)]
  0x000000001efe5800 JavaThread "stderr" daemon [_thread_in_native, id=7404, stack(0x000000002a230000,0x000000002a330000)]
  0x000000001efe2000 JavaThread "stdout" daemon [_thread_in_native, id=7084, stack(0x000000002a130000,0x000000002a230000)]
  0x000000001efe6800 JavaThread "stderr" daemon [_thread_in_native, id=2936, stack(0x000000002a030000,0x000000002a130000)]
  0x000000001efe8000 JavaThread "stdout" daemon [_thread_in_native, id=6840, stack(0x0000000029f30000,0x000000002a030000)]
  0x000000001efe7000 JavaThread "stderr" daemon [_thread_in_native, id=7888, stack(0x0000000029e30000,0x0000000029f30000)]
  0x0000000019eaa000 JavaThread "stdout" daemon [_thread_in_native, id=4240, stack(0x0000000029d30000,0x0000000029e30000)]
  0x0000000019ea8800 JavaThread "stderr" daemon [_thread_in_native, id=7860, stack(0x0000000029c30000,0x0000000029d30000)]
  0x0000000019eab800 JavaThread "stdout" daemon [_thread_in_native, id=7364, stack(0x0000000029b30000,0x0000000029c30000)]
  0x000000001dd3e800 JavaThread "stderr" daemon [_thread_in_native, id=8372, stack(0x0000000029a30000,0x0000000029b30000)]
  0x000000001dd3d800 JavaThread "pool-5-thread-1" [_thread_blocked, id=8896, stack(0x0000000029930000,0x0000000029a30000)]
  0x000000001dd40000 JavaThread "MarlinRenderer Disposer" daemon [_thread_blocked, id=520, stack(0x0000000029830000,0x0000000029930000)]
  0x000000001dd3d000 JavaThread "Java2D Disposer" daemon [_thread_blocked, id=1760, stack(0x0000000029730000,0x0000000029830000)]
  0x000000001dd41800 JavaThread "ForkJoinPool.commonPool-worker-5" daemon [_thread_blocked, id=1096, stack(0x0000000029330000,0x0000000029430000)]
  0x000000001dd40800 JavaThread "ForkJoinPool.commonPool-worker-3" daemon [_thread_in_Java, id=1972, stack(0x0000000029130000,0x0000000029230000)]
  0x000000001dd34800 JavaThread "ForkJoinPool.commonPool-worker-2" daemon [_thread_in_Java, id=3152, stack(0x0000000029030000,0x0000000029130000)]
  0x000000001dd36000 JavaThread "Cache worker for execution history cache (F:\AndroidWork\ArtisanProject\.gradle\5.1.1\executionHistory)" [_thread_blocked, id=6588, stack(0x0000000028d30000,0x0000000028e30000)]
  0x000000001dd37000 JavaThread "Execution worker for ':' Thread 5" [_thread_blocked, id=4604, stack(0x0000000028c30000,0x0000000028d30000)]
  0x000000001dd39000 JavaThread "Execution worker for ':' Thread 4" [_thread_blocked, id=13196, stack(0x0000000028b30000,0x0000000028c30000)]
  0x000000001dd34000 JavaThread "Execution worker for ':' Thread 3" [_thread_blocked, id=13096, stack(0x0000000028a30000,0x0000000028b30000)]
  0x000000001dd38800 JavaThread "Execution worker for ':' Thread 2" [_thread_blocked, id=4988, stack(0x0000000028930000,0x0000000028a30000)]
  0x000000001a90c800 JavaThread "Execution worker for ':'" [_thread_blocked, id=5632, stack(0x0000000028830000,0x0000000028930000)]
  0x000000001a90b800 JavaThread "Cache worker for file content cache (F:\AndroidWork\ArtisanProject\.gradle\5.1.1\fileContent)" [_thread_blocked, id=11660, stack(0x0000000028730000,0x0000000028830000)]
  0x000000001a90d000 JavaThread "Cache worker for file content cache (C:\Users\Administrator\.gradle\caches\5.1.1\fileContent)" [_thread_blocked, id=10136, stack(0x0000000028630000,0x0000000028730000)]
  0x000000001a90e000 JavaThread "Cache worker for Build Output Cleanup Cache (F:\AndroidWork\ArtisanProject\.gradle\buildOutputCleanup)" [_thread_blocked, id=4796, stack(0x0000000028530000,0x0000000028630000)]
  0x000000001a90b000 JavaThread "Build operations Thread 6" [_thread_blocked, id=7764, stack(0x0000000028430000,0x0000000028530000)]
  0x000000001a90a000 JavaThread "Build operations Thread 5" [_thread_blocked, id=8392, stack(0x0000000028330000,0x0000000028430000)]
  0x000000001a902800 JavaThread "Build operations Thread 4" [_thread_blocked, id=12960, stack(0x0000000028230000,0x0000000028330000)]
  0x000000001a909800 JavaThread "Build operations Thread 3" [_thread_blocked, id=4772, stack(0x0000000028130000,0x0000000028230000)]
  0x000000001a908800 JavaThread "Build operations Thread 2" [_thread_blocked, id=3328, stack(0x0000000028030000,0x0000000028130000)]
  0x000000001a908000 JavaThread "Build operations" [_thread_blocked, id=9556, stack(0x0000000027f30000,0x0000000028030000)]
  0x000000001a904000 JavaThread "Cache worker for cache directory md-rule (C:\Users\Administrator\.gradle\caches\5.1.1\md-rule)" [_thread_blocked, id=5732, stack(0x0000000027e30000,0x0000000027f30000)]
  0x000000001a900800 JavaThread "Cache worker for cache directory md-supplier (C:\Users\Administrator\.gradle\caches\5.1.1\md-supplier)" [_thread_blocked, id=9764, stack(0x0000000027d30000,0x0000000027e30000)]
  0x000000001a903800 JavaThread "Cache worker for file hash cache (F:\AndroidWork\ArtisanProject\.gradle\5.1.1\fileHashes)" [_thread_blocked, id=956, stack(0x0000000027c30000,0x0000000027d30000)]
  0x000000001a907000 JavaThread "Thread-49" [_thread_blocked, id=7276, stack(0x0000000027b30000,0x0000000027c30000)]
  0x000000001a8ff800 JavaThread "Stdin handler" [_thread_blocked, id=4756, stack(0x0000000027a30000,0x0000000027b30000)]
  0x000000001a906800 JavaThread "Asynchronous log dispatcher for DefaultDaemonConnection: socket connection from /127.0.0.1:55115 to /127.0.0.1:55661" [_thread_blocked, id=1952, stack(0x0000000027930000,0x0000000027a30000)]
  0x000000001a905000 JavaThread "Daemon worker Thread 2" [_thread_blocked, id=11244, stack(0x0000000027830000,0x0000000027930000)]
  0x000000001a8ff000 JavaThread "Cancel handler" [_thread_blocked, id=1724, stack(0x0000000027730000,0x0000000027830000)]
  0x000000001a905800 JavaThread "Handler for socket connection from /127.0.0.1:55115 to /127.0.0.1:55661" [_thread_in_native, id=13360, stack(0x0000000027630000,0x0000000027730000)]
  0x000000001a902000 JavaThread "Daemon Thread 2" [_thread_blocked, id=4824, stack(0x0000000027530000,0x0000000027630000)]
  0x000000001dd35800 JavaThread "Memory manager" [_thread_blocked, id=380, stack(0x00000000234c0000,0x00000000235c0000)]
  0x0000000019eaa800 JavaThread "Cache worker for execution history cache (C:\Users\Administrator\.gradle\caches\5.1.1\executionHistory)" [_thread_blocked, id=9208, stack(0x0000000021300000,0x0000000021400000)]
  0x0000000019eaf000 JavaThread "Cache worker for journal cache (C:\Users\Administrator\.gradle\caches\journal-1)" [_thread_blocked, id=13780, stack(0x000000001c410000,0x000000001c510000)]
  0x0000000019ea7800 JavaThread "File lock request listener" [_thread_in_native, id=10904, stack(0x000000001c210000,0x000000001c310000)]
  0x0000000019ea6800 JavaThread "Cache worker for file hash cache (C:\Users\Administrator\.gradle\caches\5.1.1\fileHashes)" [_thread_blocked, id=7236, stack(0x000000001c110000,0x000000001c210000)]
  0x00000000199a3800 JavaThread "Daemon periodic checks" [_thread_blocked, id=2028, stack(0x000000001b710000,0x000000001b810000)]
  0x0000000019ad7000 JavaThread "Incoming local TCP Connector on port 55115" [_thread_in_native, id=6580, stack(0x000000001b560000,0x000000001b660000)]
  0x000000001816c800 JavaThread "Service Thread" daemon [_thread_blocked, id=11584, stack(0x00000000189a0000,0x0000000018aa0000)]
  0x00000000180ef000 JavaThread "C1 CompilerThread2" daemon [_thread_blocked, id=9364, stack(0x00000000188a0000,0x00000000189a0000)]
=>0x00000000180ee000 JavaThread "C2 CompilerThread1" daemon [_thread_in_native, id=3208, stack(0x00000000187a0000,0x00000000188a0000)]
  0x000000001673e800 JavaThread "C2 CompilerThread0" daemon [_thread_in_native, id=4284, stack(0x00000000186a0000,0x00000000187a0000)]
  0x00000000180ea800 JavaThread "Attach Listener" daemon [_thread_blocked, id=2532, stack(0x00000000185a0000,0x00000000186a0000)]
  0x0000000016732800 JavaThread "Signal Dispatcher" daemon [_thread_blocked, id=10504, stack(0x00000000184a0000,0x00000000185a0000)]
  0x0000000002b6d000 JavaThread "Finalizer" daemon [_thread_blocked, id=12484, stack(0x0000000017fa0000,0x00000000180a0000)]
  0x0000000002b64000 JavaThread "Reference Handler" daemon [_thread_blocked, id=6344, stack(0x0000000017ea0000,0x0000000017fa0000)]
  0x000000000261e000 JavaThread "main" [_thread_blocked, id=1984, stack(0x0000000002620000,0x0000000002720000)]

Other Threads:
  0x00000000166e6000 VMThread [stack: 0x0000000017da0000,0x0000000017ea0000] [id=544]
  0x0000000018186000 WatcherThread [stack: 0x0000000018aa0000,0x0000000018ba0000] [id=8032]

VM state:not at safepoint (normal execution)

VM Mutex/Monitor currently owned by a thread: None

Heap:
 PSYoungGen      total 338432K, used 291697K [0x00000000e0000000, 0x00000000f9700000, 0x0000000100000000)
  eden space 288256K, 99% used [0x00000000e0000000,0x00000000f17b32f0,0x00000000f1980000)
  from space 50176K, 10% used [0x00000000f1980000,0x00000000f1ea9248,0x00000000f4a80000)
  to   space 50688K, 0% used [0x00000000f4a80000,0x00000000f4a80000,0x00000000f7c00000)
 ParOldGen       total 228864K, used 91896K [0x00000000a0000000, 0x00000000adf80000, 0x00000000e0000000)
  object space 228864K, 40% used [0x00000000a0000000,0x00000000a59be218,0x00000000adf80000)
 Metaspace       used 105415K, capacity 109404K, committed 109736K, reserved 1144832K
  class space    used 13251K, capacity 14041K, committed 14256K, reserved 1048576K

Card table byte_map: [0x0000000011f30000,0x0000000012240000] byte_map_base: 0x0000000011a30000

Marking Bits: (ParMarkBitMap*) 0x000000005e3b5aa0
 Begin Bits: [0x0000000012a40000, 0x0000000014240000)
 End Bits:   [0x0000000014240000, 0x0000000015a40000)

Polling page: 0x0000000000810000

CodeCache: size=245760Kb used=54387Kb max_used=54605Kb free=191372Kb
 bounds [0x0000000002b70000, 0x0000000006110000, 0x0000000011b70000]
 total_blobs=18208 nmethods=17151 adapters=967
 compilation: enabled

Compilation events (10 events):
Event: 2579.980 Thread 0x00000000180ef000 20771       2       com.android.builder.dexing.D8DexArchiveBuilder$$Lambda$483/1858442112::accept (16 bytes)
Event: 2579.981 Thread 0x00000000180ef000 nmethod 20771 0x00000000046cf950 code [0x00000000046cfb20, 0x00000000046cff78]
Event: 2579.982 Thread 0x00000000180ef000 20770   !   2       com.android.builder.dexing.D8DexArchiveBuilder::readAllBytes (17 bytes)
Event: 2579.982 Thread 0x00000000180ef000 nmethod 20770 0x0000000004553990 code [0x0000000004553b00, 0x0000000004553d18]
Event: 2579.984 Thread 0x00000000180ef000 20767       2       java.util.IdentityHashMap$KeySet::contains (9 bytes)
Event: 2579.984 Thread 0x00000000180ef000 nmethod 20767 0x0000000003f68c50 code [0x0000000003f68dc0, 0x0000000003f68f48]
Event: 2579.985 Thread 0x00000000180ef000 20765       2       com.android.tools.r8.ir.code.CheckCast::buildDex (169 bytes)
Event: 2579.986 Thread 0x00000000180ef000 nmethod 20765 0x000000000522f490 code [0x000000000522f6c0, 0x0000000005230018]
Event: 2579.987 Thread 0x00000000180ef000 20766       2       com.android.tools.r8.code.CheckCast::<init> (7 bytes)
Event: 2579.988 Thread 0x00000000180ef000 nmethod 20766 0x0000000004756790 code [0x0000000004756900, 0x0000000004756a68]

GC Heap History (10 events):
Event: 2578.540 GC heap before
{Heap before GC invocations=25 (full 4):
 PSYoungGen      total 239104K, used 235163K [0x00000000e0000000, 0x00000000f2c00000, 0x0000000100000000)
  eden space 198144K, 100% used [0x00000000e0000000,0x00000000ec180000,0x00000000ec180000)
  from space 40960K, 90% used [0x00000000eee00000,0x00000000f1226eb0,0x00000000f1600000)
  to   space 45568K, 0% used [0x00000000ec180000,0x00000000ec180000,0x00000000eee00000)
 ParOldGen       total 228864K, used 64910K [0x00000000a0000000, 0x00000000adf80000, 0x00000000e0000000)
  object space 228864K, 28% used [0x00000000a0000000,0x00000000a3f638a8,0x00000000adf80000)
 Metaspace       used 102540K, capacity 105992K, committed 106792K, reserved 1142784K
  class space    used 12972K, capacity 13713K, committed 13872K, reserved 1048576K
Event: 2578.565 GC heap after
Heap after GC invocations=25 (full 4):
 PSYoungGen      total 243712K, used 37105K [0x00000000e0000000, 0x00000000f4500000, 0x0000000100000000)
  eden space 198144K, 0% used [0x00000000e0000000,0x00000000e0000000,0x00000000ec180000)
  from space 45568K, 81% used [0x00000000ec180000,0x00000000ee5bc4f8,0x00000000eee00000)
  to   space 49664K, 0% used [0x00000000f1480000,0x00000000f1480000,0x00000000f4500000)
 ParOldGen       total 228864K, used 64918K [0x00000000a0000000, 0x00000000adf80000, 0x00000000e0000000)
  object space 228864K, 28% used [0x00000000a0000000,0x00000000a3f658a8,0x00000000adf80000)
 Metaspace       used 102540K, capacity 105992K, committed 106792K, reserved 1142784K
  class space    used 12972K, capacity 13713K, committed 13872K, reserved 1048576K
}
Event: 2578.947 GC heap before
{Heap before GC invocations=26 (full 4):
 PSYoungGen      total 243712K, used 235249K [0x00000000e0000000, 0x00000000f4500000, 0x0000000100000000)
  eden space 198144K, 100% used [0x00000000e0000000,0x00000000ec180000,0x00000000ec180000)
  from space 45568K, 81% used [0x00000000ec180000,0x00000000ee5bc4f8,0x00000000eee00000)
  to   space 49664K, 0% used [0x00000000f1480000,0x00000000f1480000,0x00000000f4500000)
 ParOldGen       total 228864K, used 64918K [0x00000000a0000000, 0x00000000adf80000, 0x00000000e0000000)
  object space 228864K, 28% used [0x00000000a0000000,0x00000000a3f658a8,0x00000000adf80000)
 Metaspace       used 103571K, capacity 107144K, committed 107688K, reserved 1142784K
  class space    used 13109K, capacity 13857K, committed 14000K, reserved 1048576K
Event: 2578.979 GC heap after
Heap after GC invocations=26 (full 4):
 PSYoungGen      total 281088K, used 36127K [0x00000000e0000000, 0x00000000f5480000, 0x0000000100000000)
  eden space 231424K, 0% used [0x00000000e0000000,0x00000000e0000000,0x00000000ee200000)
  from space 49664K, 72% used [0x00000000f1480000,0x00000000f37c7c68,0x00000000f4500000)
  to   space 51712K, 0% used [0x00000000ee200000,0x00000000ee200000,0x00000000f1480000)
 ParOldGen       total 228864K, used 64926K [0x00000000a0000000, 0x00000000adf80000, 0x00000000e0000000)
  object space 228864K, 28% used [0x00000000a0000000,0x00000000a3f678a8,0x00000000adf80000)
 Metaspace       used 103571K, capacity 107144K, committed 107688K, reserved 1142784K
  class space    used 13109K, capacity 13857K, committed 14000K, reserved 1048576K
}
Event: 2579.393 GC heap before
{Heap before GC invocations=27 (full 4):
 PSYoungGen      total 281088K, used 267551K [0x00000000e0000000, 0x00000000f5480000, 0x0000000100000000)
  eden space 231424K, 100% used [0x00000000e0000000,0x00000000ee200000,0x00000000ee200000)
  from space 49664K, 72% used [0x00000000f1480000,0x00000000f37c7c68,0x00000000f4500000)
  to   space 51712K, 0% used [0x00000000ee200000,0x00000000ee200000,0x00000000f1480000)
 ParOldGen       total 228864K, used 64928K [0x00000000a0000000, 0x00000000adf80000, 0x00000000e0000000)
  object space 228864K, 28% used [0x00000000a0000000,0x00000000a3f680b0,0x00000000adf80000)
 Metaspace       used 104944K, capacity 108904K, committed 109096K, reserved 1144832K
  class space    used 13225K, capacity 14001K, committed 14128K, reserved 1048576K
Event: 2579.413 GC heap after
Heap after GC invocations=27 (full 4):
 PSYoungGen      total 283136K, used 13781K [0x00000000e0000000, 0x00000000f7c00000, 0x0000000100000000)
  eden space 231424K, 0% used [0x00000000e0000000,0x00000000e0000000,0x00000000ee200000)
  from space 51712K, 26% used [0x00000000ee200000,0x00000000eef75518,0x00000000f1480000)
  to   space 50688K, 0% used [0x00000000f4a80000,0x00000000f4a80000,0x00000000f7c00000)
 ParOldGen       total 228864K, used 83429K [0x00000000a0000000, 0x00000000adf80000, 0x00000000e0000000)
  object space 228864K, 36% used [0x00000000a0000000,0x00000000a51794c0,0x00000000adf80000)
 Metaspace       used 104944K, capacity 108904K, committed 109096K, reserved 1144832K
  class space    used 13225K, capacity 14001K, committed 14128K, reserved 1048576K
}
Event: 2579.413 GC heap before
{Heap before GC invocations=28 (full 4):
 PSYoungGen      total 283136K, used 16085K [0x00000000e0000000, 0x00000000f7c00000, 0x0000000100000000)
  eden space 231424K, 0% used [0x00000000e0000000,0x00000000e023ff80,0x00000000ee200000)
  from space 51712K, 26% used [0x00000000ee200000,0x00000000eef75518,0x00000000f1480000)
  to   space 50688K, 0% used [0x00000000f4a80000,0x00000000f4a80000,0x00000000f7c00000)
 ParOldGen       total 228864K, used 83429K [0x00000000a0000000, 0x00000000adf80000, 0x00000000e0000000)
  object space 228864K, 36% used [0x00000000a0000000,0x00000000a51794c0,0x00000000adf80000)
 Metaspace       used 104944K, capacity 108904K, committed 109096K, reserved 1144832K
  class space    used 13225K, capacity 14001K, committed 14128K, reserved 1048576K
Event: 2579.423 GC heap after
Heap after GC invocations=28 (full 4):
 PSYoungGen      total 338944K, used 9275K [0x00000000e0000000, 0x00000000f9700000, 0x0000000100000000)
  eden space 288256K, 0% used [0x00000000e0000000,0x00000000e0000000,0x00000000f1980000)
  from space 50688K, 18% used [0x00000000f4a80000,0x00000000f538ee48,0x00000000f7c00000)
  to   space 50176K, 0% used [0x00000000f1980000,0x00000000f1980000,0x00000000f4a80000)
 ParOldGen       total 228864K, used 86766K [0x00000000a0000000, 0x00000000adf80000, 0x00000000e0000000)
  object space 228864K, 37% used [0x00000000a0000000,0x00000000a54bb960,0x00000000adf80000)
 Metaspace       used 104944K, capacity 108904K, committed 109096K, reserved 1144832K
  class space    used 13225K, capacity 14001K, committed 14128K, reserved 1048576K
}
Event: 2579.683 GC heap before
{Heap before GC invocations=29 (full 4):
 PSYoungGen      total 338944K, used 297531K [0x00000000e0000000, 0x00000000f9700000, 0x0000000100000000)
  eden space 288256K, 100% used [0x00000000e0000000,0x00000000f1980000,0x00000000f1980000)
  from space 50688K, 18% used [0x00000000f4a80000,0x00000000f538ee48,0x00000000f7c00000)
  to   space 50176K, 0% used [0x00000000f1980000,0x00000000f1980000,0x00000000f4a80000)
 ParOldGen       total 228864K, used 86766K [0x00000000a0000000, 0x00000000adf80000, 0x00000000e0000000)
  object space 228864K, 37% used [0x00000000a0000000,0x00000000a54bb960,0x00000000adf80000)
 Metaspace       used 105178K, capacity 109166K, committed 109480K, reserved 1144832K
  class space    used 13243K, capacity 14036K, committed 14256K, reserved 1048576K
Event: 2579.694 GC heap after
Heap after GC invocations=29 (full 4):
 PSYoungGen      total 338432K, used 5284K [0x00000000e0000000, 0x00000000f9700000, 0x0000000100000000)
  eden space 288256K, 0% used [0x00000000e0000000,0x00000000e0000000,0x00000000f1980000)
  from space 50176K, 10% used [0x00000000f1980000,0x00000000f1ea9248,0x00000000f4a80000)
  to   space 50688K, 0% used [0x00000000f4a80000,0x00000000f4a80000,0x00000000f7c00000)
 ParOldGen       total 228864K, used 91896K [0x00000000a0000000, 0x00000000adf80000, 0x00000000e0000000)
  object space 228864K, 40% used [0x00000000a0000000,0x00000000a59be218,0x00000000adf80000)
 Metaspace       used 105178K, capacity 109166K, committed 109480K, reserved 1144832K
  class space    used 13243K, capacity 14036K, committed 14256K, reserved 1048576K
}

Deoptimization events (10 events):
Event: 2579.478 Thread 0x000000001dd41800 Uncommon trap: reason=unstable_if action=reinterpret pc=0x0000000005b4fb28 method=com.android.tools.r8.ir.regalloc.RegisterPositions.hasType(ILcom/android/tools/r8/ir/regalloc/RegisterPositions$Type;)Z @ 65
Event: 2579.646 Thread 0x000000001dd41800 Uncommon trap: reason=unstable_if action=reinterpret pc=0x0000000005991c7c method=com.android.tools.r8.ir.regalloc.LiveIntervals.getSplitCovering(I)Lcom/android/tools/r8/ir/regalloc/LiveIntervals; @ 134
Event: 2579.747 Thread 0x000000001dd34800 Uncommon trap: reason=class_check action=maybe_recompile pc=0x0000000004d02bb8 method=com.google.common.base.Joiner.toString(Ljava/lang/Object;)Ljava/lang/CharSequence; @ 6
Event: 2579.810 Thread 0x000000001dd34800 Uncommon trap: reason=unstable_if action=reinterpret pc=0x00000000051ed8dc method=com.android.tools.r8.graph.DexString.encodeToMutf8(Ljava/lang/String;)[B @ 55
Event: 2579.810 Thread 0x000000001dd34800 Uncommon trap: reason=unstable_if action=reinterpret pc=0x000000000520a038 method=com.android.tools.r8.graph.DexString.decode()Ljava/lang/String; @ 71
Event: 2579.872 Thread 0x000000001eff0000 Uncommon trap: reason=class_check action=maybe_recompile pc=0x0000000004d02bb8 method=com.google.common.base.Joiner.toString(Ljava/lang/Object;)Ljava/lang/CharSequence; @ 6
Event: 2579.872 Thread 0x000000001eff0000 Uncommon trap: reason=class_check action=maybe_recompile pc=0x0000000004d02bb8 method=com.google.common.base.Joiner.toString(Ljava/lang/Object;)Ljava/lang/CharSequence; @ 6
Event: 2579.872 Thread 0x000000001eff0000 Uncommon trap: reason=class_check action=maybe_recompile pc=0x0000000004d02bb8 method=com.google.common.base.Joiner.toString(Ljava/lang/Object;)Ljava/lang/CharSequence; @ 6
Event: 2579.908 Thread 0x000000001dd34800 Uncommon trap: reason=class_check action=maybe_recompile pc=0x0000000005b5cfd0 method=com.android.tools.r8.ir.conversion.JarState$LocalsAtOffset.isLive(Lcom/android/tools/r8/ir/conversion/JarState$LocalNodeInfo;)Z @ 4
Event: 2579.917 Thread 0x000000001dd34800 Uncommon trap: reason=class_check action=maybe_recompile pc=0x0000000005b5cfd0 method=com.android.tools.r8.ir.conversion.JarState$LocalsAtOffset.isLive(Lcom/android/tools/r8/ir/conversion/JarState$LocalNodeInfo;)Z @ 4

Classes redefined (0 events):
No events

Internal exceptions (10 events):
Event: 2578.060 Thread 0x000000001a905000 Exception <a 'sun/nio/fs/WindowsException'> (0x00000000e2c062d8) thrown at [D:\src\AOSP-openjdk-cygwin\jdk8u\hotspot\src\share\vm\prims\jni.cpp, line 709]
Event: 2578.068 Thread 0x000000001a905000 Exception <a 'sun/nio/fs/WindowsException'> (0x00000000e2c3aa70) thrown at [D:\src\AOSP-openjdk-cygwin\jdk8u\hotspot\src\share\vm\prims\jni.cpp, line 709]
Event: 2578.075 Thread 0x000000001a905000 Exception <a 'sun/nio/fs/WindowsException'> (0x00000000e2c6cfb0) thrown at [D:\src\AOSP-openjdk-cygwin\jdk8u\hotspot\src\share\vm\prims\jni.cpp, line 709]
Event: 2578.084 Thread 0x000000001a905000 Exception <a 'sun/nio/fs/WindowsException'> (0x00000000e3168378) thrown at [D:\src\AOSP-openjdk-cygwin\jdk8u\hotspot\src\share\vm\prims\jni.cpp, line 709]
Event: 2578.095 Thread 0x000000001a905000 Exception <a 'sun/nio/fs/WindowsException'> (0x00000000e319df90) thrown at [D:\src\AOSP-openjdk-cygwin\jdk8u\hotspot\src\share\vm\prims\jni.cpp, line 709]
Event: 2578.108 Thread 0x000000001a905000 Exception <a 'sun/nio/fs/WindowsException'> (0x00000000e32b77c0) thrown at [D:\src\AOSP-openjdk-cygwin\jdk8u\hotspot\src\share\vm\prims\jni.cpp, line 709]
Event: 2578.120 Thread 0x000000001a905000 Exception <a 'sun/nio/fs/WindowsException'> (0x00000000e330cc70) thrown at [D:\src\AOSP-openjdk-cygwin\jdk8u\hotspot\src\share\vm\prims\jni.cpp, line 709]
Event: 2578.127 Thread 0x000000001a905000 Exception <a 'sun/nio/fs/WindowsException'> (0x00000000e3748b50) thrown at [D:\src\AOSP-openjdk-cygwin\jdk8u\hotspot\src\share\vm\prims\jni.cpp, line 709]
Event: 2578.134 Thread 0x000000001a905000 Exception <a 'sun/nio/fs/WindowsException'> (0x00000000e37786a0) thrown at [D:\src\AOSP-openjdk-cygwin\jdk8u\hotspot\src\share\vm\prims\jni.cpp, line 709]
Event: 2578.146 Thread 0x000000001dd41800 Implicit null exception at 0x0000000003b430cc to 0x0000000003b47131

Events (10 events):
Event: 2579.985 Thread 0x00000000180ef000 flushing nmethod 0x00000000058b44d0
Event: 2579.985 Thread 0x00000000180ef000 flushing nmethod 0x0000000005912fd0
Event: 2579.985 Thread 0x00000000180ef000 flushing nmethod 0x0000000005915590
Event: 2579.985 Thread 0x00000000180ef000 flushing nmethod 0x000000000591fdd0
Event: 2579.985 Thread 0x00000000180ef000 flushing nmethod 0x000000000594b8d0
Event: 2579.985 Thread 0x00000000180ef000 flushing nmethod 0x0000000005969b90
Event: 2579.985 Thread 0x00000000180ef000 flushing nmethod 0x0000000005999ed0
Event: 2579.985 Thread 0x00000000180ef000 flushing nmethod 0x00000000059bcd10
Event: 2579.987 loading class com/android/tools/r8/DexFilePerClassFileConsumer$ForwardingConsumer
Event: 2579.987 loading class com/android/tools/r8/DexFilePerClassFileConsumer$ForwardingConsumer done


Dynamic libraries:
0x00007ff74ec20000 - 0x00007ff74ec51000 	D:\AndroidStudio\android-studio\jre\bin\java.exe
0x00007ffd838d0000 - 0x00007ffd83ab1000 	C:\Windows\SYSTEM32\ntdll.dll
0x00007ffd80e10000 - 0x00007ffd80ec1000 	C:\Windows\System32\KERNEL32.DLL
0x00007ffd7fca0000 - 0x00007ffd7ff13000 	C:\Windows\System32\KERNELBASE.dll
0x00007ffd81b70000 - 0x00007ffd81c11000 	C:\Windows\System32\ADVAPI32.dll
0x00007ffd80ed0000 - 0x00007ffd80f6e000 	C:\Windows\System32\msvcrt.dll
0x00007ffd83190000 - 0x00007ffd831eb000 	C:\Windows\System32\sechost.dll
0x00007ffd83770000 - 0x00007ffd83894000 	C:\Windows\System32\RPCRT4.dll
0x00007ffd835e0000 - 0x00007ffd83770000 	C:\Windows\System32\USER32.dll
0x00007ffd7ffc0000 - 0x00007ffd7ffe0000 	C:\Windows\System32\win32u.dll
0x00007ffd81120000 - 0x00007ffd81148000 	C:\Windows\System32\GDI32.dll
0x00007ffd807f0000 - 0x00007ffd80982000 	C:\Windows\System32\gdi32full.dll
0x00007ffd7ff20000 - 0x00007ffd7ffbf000 	C:\Windows\System32\msvcp_win.dll
0x00007ffd809f0000 - 0x00007ffd80ae8000 	C:\Windows\System32\ucrtbase.dll
0x00007ffd77ca0000 - 0x00007ffd77f09000 	C:\Windows\WinSxS\amd64_microsoft.windows.common-controls_6595b64144ccf1df_6.0.17134.706_none_fb43a2cb30647007\COMCTL32.dll
0x00007ffd832a0000 - 0x00007ffd835c2000 	C:\Windows\System32\combase.dll
0x00007ffd80af0000 - 0x00007ffd80b6a000 	C:\Windows\System32\bcryptPrimitives.dll
0x00007ffd81940000 - 0x00007ffd8196d000 	C:\Windows\System32\IMM32.DLL
0x000000005db10000 - 0x000000005dbe2000 	D:\AndroidStudio\android-studio\jre\jre\bin\msvcr100.dll
0x000000005dbf0000 - 0x000000005e431000 	D:\AndroidStudio\android-studio\jre\jre\bin\server\jvm.dll
0x00007ffd80d60000 - 0x00007ffd80d68000 	C:\Windows\System32\PSAPI.DLL
0x00007ffd7da80000 - 0x00007ffd7da89000 	C:\Windows\SYSTEM32\WSOCK32.dll
0x00007ffd7e800000 - 0x00007ffd7e80a000 	C:\Windows\SYSTEM32\VERSION.dll
0x00007ffd83060000 - 0x00007ffd830cc000 	C:\Windows\System32\WS2_32.dll
0x00007ffd7da10000 - 0x00007ffd7da33000 	C:\Windows\SYSTEM32\WINMM.dll
0x00007ffd7d9e0000 - 0x00007ffd7da0a000 	C:\Windows\SYSTEM32\winmmbase.dll
0x00007ffd7ffe0000 - 0x00007ffd80029000 	C:\Windows\System32\cfgmgr32.dll
0x00007ffd7c440000 - 0x00007ffd7c44f000 	D:\AndroidStudio\android-studio\jre\jre\bin\verify.dll
0x00007ffd7b450000 - 0x00007ffd7b479000 	D:\AndroidStudio\android-studio\jre\jre\bin\java.dll
0x00007ffd7b430000 - 0x00007ffd7b446000 	D:\AndroidStudio\android-studio\jre\jre\bin\zip.dll
0x00007ffd81c20000 - 0x00007ffd83060000 	C:\Windows\System32\SHELL32.dll
0x00007ffd831f0000 - 0x00007ffd83299000 	C:\Windows\System32\shcore.dll
0x00007ffd800e0000 - 0x00007ffd807ed000 	C:\Windows\System32\windows.storage.dll
0x00007ffd83130000 - 0x00007ffd83181000 	C:\Windows\System32\shlwapi.dll
0x00007ffd7fc40000 - 0x00007ffd7fc51000 	C:\Windows\System32\kernel.appcore.dll
0x00007ffd7fc80000 - 0x00007ffd7fc9f000 	C:\Windows\System32\profapi.dll
0x00007ffd7fbf0000 - 0x00007ffd7fc3c000 	C:\Windows\System32\powrprof.dll
0x00007ffd7fbe0000 - 0x00007ffd7fbea000 	C:\Windows\System32\FLTLIB.DLL
0x00007ffd791b0000 - 0x00007ffd791ca000 	D:\AndroidStudio\android-studio\jre\jre\bin\net.dll
0x00007ffd7f440000 - 0x00007ffd7f4a6000 	C:\Windows\system32\mswsock.dll
0x00007ffd79190000 - 0x00007ffd791a1000 	D:\AndroidStudio\android-studio\jre\jre\bin\nio.dll
0x00007ffd77ac0000 - 0x00007ffd77ade000 	C:\Users\Administrator\.gradle\native\25\windows-amd64\native-platform.dll
0x00007ffd7c430000 - 0x00007ffd7c43d000 	D:\AndroidStudio\android-studio\jre\jre\bin\management.dll
0x00007ffd7f5f0000 - 0x00007ffd7f607000 	C:\Windows\SYSTEM32\CRYPTSP.dll
0x00007ffd7efc0000 - 0x00007ffd7eff3000 	C:\Windows\system32\rsaenh.dll
0x00007ffd7f720000 - 0x00007ffd7f745000 	C:\Windows\SYSTEM32\bcrypt.dll
0x00007ffd7fae0000 - 0x00007ffd7fb08000 	C:\Windows\SYSTEM32\USERENV.dll
0x00007ffd7f610000 - 0x00007ffd7f61b000 	C:\Windows\SYSTEM32\CRYPTBASE.dll
0x00007ffd7f1c0000 - 0x00007ffd7f1f8000 	C:\Windows\SYSTEM32\IPHLPAPI.DLL
0x00007ffd80f70000 - 0x00007ffd80f78000 	C:\Windows\System32\NSI.dll
0x00007ffd7b410000 - 0x00007ffd7b426000 	C:\Windows\SYSTEM32\dhcpcsvc6.DLL
0x00007ffd7b3f0000 - 0x00007ffd7b40a000 	C:\Windows\SYSTEM32\dhcpcsvc.DLL
0x00007ffd79710000 - 0x00007ffd79734000 	D:\AndroidStudio\android-studio\jre\jre\bin\sunec.dll
0x00007ffd7f200000 - 0x00007ffd7f2be000 	C:\Windows\SYSTEM32\DNSAPI.dll
0x00007ffd79fc0000 - 0x00007ffd79fca000 	C:\Windows\System32\rasadhlp.dll
0x00007ffd79ca0000 - 0x00007ffd79d12000 	C:\Windows\System32\fwpuclnt.dll
0x00007ffd7c350000 - 0x00007ffd7c35b000 	D:\AndroidStudio\android-studio\jre\jre\bin\sunmscapi.dll
0x00007ffd80b70000 - 0x00007ffd80d52000 	C:\Windows\System32\CRYPT32.dll
0x00007ffd7fc60000 - 0x00007ffd7fc72000 	C:\Windows\System32\MSASN1.dll
0x00007ffd59050000 - 0x00007ffd591e8000 	D:\AndroidStudio\android-studio\jre\jre\bin\awt.dll
0x00007ffd81620000 - 0x00007ffd816e2000 	C:\Windows\System32\OLEAUT32.dll
0x00007ffd73800000 - 0x00007ffd73dc7000 	C:\Windows\SYSTEM32\d2d1.dll
0x00007ffd7db30000 - 0x00007ffd7dbbb000 	C:\Windows\SYSTEM32\apphelp.dll
0x00007ffd7df10000 - 0x00007ffd7df39000 	C:\Windows\system32\DWMAPI.DLL
0x00007ffd7dcc0000 - 0x00007ffd7dd58000 	C:\Windows\system32\uxtheme.dll
0x00007ffd7d970000 - 0x00007ffd7d98e000 	C:\Users\Administrator\AppData\Local\Temp\native-platform1059756197524152500dir\native-platform.dll
0x00007ffd7ecb0000 - 0x00007ffd7ece1000 	C:\Windows\SYSTEM32\ntmarta.dll

VM Arguments:
jvm_args: -Xmx1536m -Dfile.encoding=GBK -Duser.country=CN -Duser.language=zh -Duser.variant 
java_command: org.gradle.launcher.daemon.bootstrap.GradleDaemon 5.1.1
java_class_path (initial): C:\Users\Administrator\.gradle\wrapper\dists\gradle-5.1.1-all\97z1ksx6lirer3kbvdnh7jtjg\gradle-5.1.1\lib\gradle-launcher-5.1.1.jar
Launcher Type: SUN_STANDARD

Environment Variables:
JAVA_HOME=C:\Program Files (x86)\Java\jdk1.8.0_73
CLASSPATH=.C:\Program Files (x86)\Java\jdk1.8.0_73lib;C:\Program Files (x86)\Java\jdk1.8.0_73lib\tools.jar
PATH=C:\ProgramData\Oracle\Java\javapath;C:\Windows\system32;C:\Windows;C:\Windows\System32\Wbem;C:\Windows\System32\WindowsPowerShell\v1.0\;C:\Windows\System32\OpenSSH\;H:\Git\Git\cmd;H:\SVN\bin;C:\Program Files (x86)\Java\jdk1.8.0_73\bin;C:\Program Files (x86)\Java\jdk1.8.0_73\jre\bin;C:\Users\Administrator\AppData\Local\Android\Sdk\platform-tools;C:\Program Files\MySQL\MySQL Server 8.0\bin;C:\Users\Administrator\AppData\Local\Android\Sdk\ndk-bundle;;C:\Program Files (x86)\NVIDIA Corporation\PhysX\Common;C:\Program Files\NVIDIA Corporation\NVIDIA NvDLISR;C:\Program Files\MySQL\MySQL Shell 8.0\bin\
USERNAME=Administrator
OS=Windows_NT
PROCESSOR_IDENTIFIER=Intel64 Family 6 Model 158 Stepping 10, GenuineIntel



---------------  S Y S T E M  ---------------

OS: Windows 10.0 , 64 bit Build 17134 (10.0.17134.706)

CPU:total 6 (initial active 6) (6 cores per cpu, 1 threads per core) family 6 model 158 stepping 10, cmov, cx8, fxsr, mmx, sse, sse2, sse3, ssse3, sse4.1, sse4.2, popcnt, avx, avx2, aes, clmul, erms, 3dnowpref, lzcnt, tsc, tscinvbit, bmi1, bmi2, adx

Memory: 4k page, physical 8320488k(633308k free), swap 12514792k(3204k free)

vm_info: OpenJDK 64-Bit Server VM (25.152-b01) for windows-amd64 JRE (1.8.0_152-release-1343-b01), built by "builder" with MS VC++ 10.0 (VS2010)

time: Tue Aug 13 11:17:48 2019
elapsed time: 2579 seconds (0d 0h 42m 59s)

