#
# There is insufficient memory for the Java Runtime Environment to continue.
# Native memory allocation (malloc) failed to allocate 452816 bytes for Chunk::new
# Possible reasons:
#   The system is out of physical RAM or swap space
#   In 32 bit mode, the process size limit was hit
# Possible solutions:
#   Reduce memory load on the system
#   Increase physical memory or swap space
#   Check if swap backing store is full
#   Use 64 bit Java on a 64 bit OS
#   Decrease Java heap size (-Xmx/-Xms)
#   Decrease number of Java threads
#   Decrease Java thread stack sizes (-Xss)
#   Set larger code cache with -XX:ReservedCodeCacheSize=
# This output file may be truncated or incomplete.
#
#  Out of Memory Error (allocation.cpp:390), pid=7628, tid=0x00000000000001c0
#
# JRE version: OpenJDK Runtime Environment (8.0_152-b01) (build 1.8.0_152-release-1343-b01)
# Java VM: OpenJDK 64-Bit Server VM (25.152-b01 mixed mode windows-amd64 compressed oops)
# Failed to write core dump. Minidumps are not enabled by default on client versions of Windows
#

---------------  T H R E A D  ---------------

Current thread (0x0000000016bee000):  JavaThread "C2 CompilerThread0" daemon [_thread_in_native, id=448, stack(0x0000000018b50000,0x0000000018c50000)]

Stack: [0x0000000018b50000,0x0000000018c50000]
[error occurred during error reporting (printing stack bounds), id 0xc0000005]

Native frames: (J=compiled Java code, j=interpreted, Vv=VM code, C=native code)


Current CompileTask:
C2: 235058 15004       4       com.android.tools.r8.dex.DexParser::parseCodeItem (479 bytes)


---------------  P R O C E S S  ---------------

Java Threads: ( => current thread )
  0x000000001ecd1800 JavaThread "ForkJoinPool-8-worker-6" daemon [_thread_blocked, id=10524, stack(0x000000002f2d0000,0x000000002f3d0000)]
  0x000000001eccc800 JavaThread "ForkJoinPool-8-worker-5" daemon [_thread_blocked, id=11316, stack(0x000000002f1d0000,0x000000002f2d0000)]
  0x000000001ecd1000 JavaThread "ForkJoinPool-8-worker-4" daemon [_thread_in_vm, id=5524, stack(0x000000002f0d0000,0x000000002f1d0000)]
  0x000000001ecd0000 JavaThread "ForkJoinPool-8-worker-3" daemon [_thread_blocked, id=13056, stack(0x000000002efd0000,0x000000002f0d0000)]
  0x000000001ecd3000 JavaThread "ForkJoinPool-8-worker-2" daemon [_thread_blocked, id=9372, stack(0x000000002eed0000,0x000000002efd0000)]
  0x000000001eccf800 JavaThread "ForkJoinPool-8-worker-1" daemon [_thread_blocked, id=13080, stack(0x000000002e5f0000,0x000000002e6f0000)]
  0x000000001ecce000 JavaThread "ForkJoinPool.commonPool-worker-6" daemon [_thread_blocked, id=3196, stack(0x000000002e4f0000,0x000000002e5f0000)]
  0x000000001e3c5800 JavaThread "ForkJoinPool.commonPool-worker-4" daemon [_thread_blocked, id=12824, stack(0x000000002e2f0000,0x000000002e3f0000)]
  0x000000001e3c4800 JavaThread "ForkJoinPool.commonPool-worker-3" daemon [_thread_blocked, id=13216, stack(0x000000002e1f0000,0x000000002e2f0000)]
  0x000000001e3c3000 JavaThread "Cache worker for Java compile cache (F:\AndroidWork\ArtisanProject\.gradle\5.1.1\javaCompile)" [_thread_blocked, id=11440, stack(0x000000002e0f0000,0x000000002e1f0000)]
  0x000000001e3c1800 JavaThread "Cache worker for Java compile cache (C:\Users\Administrator\.gradle\caches\5.1.1\javaCompile)" [_thread_blocked, id=10192, stack(0x000000002dff0000,0x000000002e0f0000)]
  0x000000001e3c2800 JavaThread "RMI TCP Connection(1)-127.0.0.1" daemon [_thread_in_native, id=860, stack(0x000000002def0000,0x000000002dff0000)]
  0x000000001e3ba000 JavaThread "RMI Reaper" [_thread_blocked, id=1348, stack(0x000000002ddf0000,0x000000002def0000)]
  0x000000001e3be000 JavaThread "RMI TCP Accept-0" daemon [_thread_in_native, id=14000, stack(0x000000002dcf0000,0x000000002ddf0000)]
  0x000000001e3c1000 JavaThread "GC Daemon" daemon [_thread_blocked, id=10324, stack(0x000000002dbf0000,0x000000002dcf0000)]
  0x000000001e3bd000 JavaThread "RMI Scheduler(0)" daemon [_thread_blocked, id=7016, stack(0x000000002d9f0000,0x000000002daf0000)]
  0x000000001e3bf800 JavaThread "stdout" [_thread_in_native, id=11436, stack(0x000000002d8f0000,0x000000002d9f0000)]
  0x000000001e3bb800 JavaThread "stderr" [_thread_in_native, id=1684, stack(0x000000002d7f0000,0x000000002d8f0000)]
  0x000000001e3be800 JavaThread "pool-4-thread-1" [_thread_blocked, id=4624, stack(0x000000002d6f0000,0x000000002d7f0000)]
  0x000000001e3b5800 JavaThread "ForkJoinPool.commonPool-worker-2" daemon [_thread_blocked, id=6288, stack(0x000000002d5f0000,0x000000002d6f0000)]
  0x000000001e3b7000 JavaThread "Cache worker for execution history cache (F:\AndroidWork\ArtisanProject\.gradle\5.1.1\executionHistory)" [_thread_blocked, id=12768, stack(0x000000002d4f0000,0x000000002d5f0000)]
  0x000000001e3bc800 JavaThread "Execution worker for ':' Thread 5" [_thread_blocked, id=4432, stack(0x000000002d3f0000,0x000000002d4f0000)]
  0x000000001e3b8800 JavaThread "Execution worker for ':' Thread 4" [_thread_blocked, id=7224, stack(0x000000002d2f0000,0x000000002d3f0000)]
  0x000000001a208800 JavaThread "Execution worker for ':' Thread 3" [_thread_blocked, id=2756, stack(0x000000002d1f0000,0x000000002d2f0000)]
  0x000000001a20f000 JavaThread "Execution worker for ':' Thread 2" [_thread_blocked, id=4408, stack(0x000000002d0f0000,0x000000002d1f0000)]
  0x000000001a20d000 JavaThread "Execution worker for ':'" [_thread_blocked, id=9688, stack(0x000000002cff0000,0x000000002d0f0000)]
  0x000000001a20e800 JavaThread "Cache worker for file content cache (F:\AndroidWork\ArtisanProject\.gradle\5.1.1\fileContent)" [_thread_blocked, id=10616, stack(0x000000002cef0000,0x000000002cff0000)]
  0x000000001a20c000 JavaThread "Cache worker for Build Output Cleanup Cache (F:\AndroidWork\ArtisanProject\.gradle\buildOutputCleanup)" [_thread_blocked, id=8672, stack(0x000000002cdf0000,0x000000002cef0000)]
  0x000000001a5c1000 JavaThread "Build operations Thread 6" [_thread_blocked, id=5636, stack(0x000000002ccf0000,0x000000002cdf0000)]
  0x000000001a5bf800 JavaThread "Build operations Thread 5" [_thread_blocked, id=9968, stack(0x000000002cbf0000,0x000000002ccf0000)]
  0x000000001a5bf000 JavaThread "Build operations Thread 4" [_thread_blocked, id=6068, stack(0x000000002caf0000,0x000000002cbf0000)]
  0x000000001a5be000 JavaThread "Build operations Thread 3" [_thread_blocked, id=11604, stack(0x000000002c9f0000,0x000000002caf0000)]
  0x000000001a5bd800 JavaThread "Build operations Thread 2" [_thread_blocked, id=2764, stack(0x000000002c8f0000,0x000000002c9f0000)]
  0x000000001a5bc800 JavaThread "Build operations" [_thread_blocked, id=12728, stack(0x000000002c7f0000,0x000000002c8f0000)]
  0x000000001a5c0800 JavaThread "Cache worker for cache directory md-rule (C:\Users\Administrator\.gradle\caches\5.1.1\md-rule)" [_thread_blocked, id=5688, stack(0x000000002c6f0000,0x000000002c7f0000)]
  0x000000001a5bc000 JavaThread "Cache worker for cache directory md-supplier (C:\Users\Administrator\.gradle\caches\5.1.1\md-supplier)" [_thread_blocked, id=11336, stack(0x000000002c5f0000,0x000000002c6f0000)]
  0x000000001a5bb000 JavaThread "Cache worker for file hash cache (F:\AndroidWork\ArtisanProject\.gradle\5.1.1\fileHashes)" [_thread_blocked, id=6880, stack(0x000000002c4f0000,0x000000002c5f0000)]
  0x000000001a5b2000 JavaThread "Thread-37" [_thread_blocked, id=8548, stack(0x000000002c3f0000,0x000000002c4f0000)]
  0x000000001a5b4800 JavaThread "Stdin handler" [_thread_blocked, id=9256, stack(0x000000002c2f0000,0x000000002c3f0000)]
  0x000000001a5b8000 JavaThread "Asynchronous log dispatcher for DefaultDaemonConnection: socket connection from /127.0.0.1:55727 to /127.0.0.1:55867" [_thread_blocked, id=6868, stack(0x000000002c1f0000,0x000000002c2f0000)]
  0x000000001a5b5000 JavaThread "Daemon worker Thread 2" [_thread_blocked, id=9212, stack(0x000000002c0f0000,0x000000002c1f0000)]
  0x000000001a5b7800 JavaThread "Cancel handler" [_thread_blocked, id=11112, stack(0x000000002bff0000,0x000000002c0f0000)]
  0x000000001a5b9000 JavaThread "Handler for socket connection from /127.0.0.1:55727 to /127.0.0.1:55867" [_thread_in_native, id=2748, stack(0x000000002bef0000,0x000000002bff0000)]
  0x000000001a5b6800 JavaThread "Daemon Thread 2" [_thread_blocked, id=2332, stack(0x000000002bdf0000,0x000000002bef0000)]
  0x000000001a5ba800 JavaThread "Cache worker for file content cache (C:\Users\Administrator\.gradle\caches\5.1.1\fileContent)" [_thread_blocked, id=3036, stack(0x00000000252a0000,0x00000000253a0000)]
  0x000000001a5b3000 JavaThread "Memory manager" [_thread_blocked, id=7156, stack(0x0000000023510000,0x0000000023610000)]
  0x000000001a20a000 JavaThread "Cache worker for execution history cache (C:\Users\Administrator\.gradle\caches\5.1.1\executionHistory)" [_thread_blocked, id=5132, stack(0x0000000020980000,0x0000000020a80000)]
  0x000000001a20b800 JavaThread "Cache worker for journal cache (C:\Users\Administrator\.gradle\caches\journal-1)" [_thread_blocked, id=11356, stack(0x000000001c8a0000,0x000000001c9a0000)]
  0x000000001a04e800 JavaThread "File lock request listener" [_thread_in_native, id=10228, stack(0x000000001c6a0000,0x000000001c7a0000)]
  0x000000001a04d800 JavaThread "Cache worker for file hash cache (C:\Users\Administrator\.gradle\caches\5.1.1\fileHashes)" [_thread_blocked, id=8096, stack(0x000000001c5a0000,0x000000001c6a0000)]
  0x0000000019c50000 JavaThread "Daemon periodic checks" [_thread_blocked, id=2292, stack(0x000000001bba0000,0x000000001bca0000)]
  0x0000000019bc9000 JavaThread "Incoming local TCP Connector on port 55727" [_thread_in_native, id=12028, stack(0x000000001b9f0000,0x000000001baf0000)]
  0x0000000018620800 JavaThread "Service Thread" daemon [_thread_blocked, id=4460, stack(0x0000000018e50000,0x0000000018f50000)]
  0x00000000185a3000 JavaThread "C1 CompilerThread2" daemon [_thread_blocked, id=8692, stack(0x0000000018d50000,0x0000000018e50000)]
  0x000000001859e000 JavaThread "C2 CompilerThread1" daemon [_thread_in_native, id=11508, stack(0x0000000018c50000,0x0000000018d50000)]
=>0x0000000016bee000 JavaThread "C2 CompilerThread0" daemon [_thread_in_native, id=448, stack(0x0000000018b50000,0x0000000018c50000)]
  0x000000001859b800 JavaThread "Attach Listener" daemon [_thread_blocked, id=3624, stack(0x0000000018a50000,0x0000000018b50000)]
  0x0000000016be2000 JavaThread "Signal Dispatcher" daemon [_thread_blocked, id=1420, stack(0x0000000018950000,0x0000000018a50000)]
  0x0000000016bbb000 JavaThread "Finalizer" daemon [_thread_blocked, id=8288, stack(0x0000000018450000,0x0000000018550000)]
  0x0000000003013000 JavaThread "Reference Handler" daemon [_thread_blocked, id=10572, stack(0x0000000018350000,0x0000000018450000)]
  0x00000000009ee000 JavaThread "main" [_thread_blocked, id=13384, stack(0x00000000012b0000,0x00000000013b0000)]

Other Threads:
  0x0000000016b97000 VMThread [stack: 0x0000000018250000,0x0000000018350000] [id=2164]
  0x0000000018635000 WatcherThread [stack: 0x0000000018f50000,0x0000000019050000] [id=7244]

VM state:not at safepoint (normal execution)

VM Mutex/Monitor currently owned by a thread: None

Heap:
 PSYoungGen      total 438784K, used 110413K [0x00000000e0000000, 0x00000000fd880000, 0x0000000100000000)
  eden space 393728K, 28% used [0x00000000e0000000,0x00000000e6bd3788,0x00000000f8080000)
  from space 45056K, 0% used [0x00000000f8080000,0x00000000f8080000,0x00000000fac80000)
  to   space 37376K, 0% used [0x00000000faf80000,0x00000000faf80000,0x00000000fd400000)
 ParOldGen       total 129536K, used 75386K [0x00000000a0000000, 0x00000000a7e80000, 0x00000000e0000000)
  object space 129536K, 58% used [0x00000000a0000000,0x00000000a499e898,0x00000000a7e80000)
 Metaspace       used 94245K, capacity 97829K, committed 99624K, reserved 1136640K
  class space    used 12253K, capacity 12962K, committed 13352K, reserved 1048576K

Card table byte_map: [0x00000000123e0000,0x00000000126f0000] byte_map_base: 0x0000000011ee0000

Marking Bits: (ParMarkBitMap*) 0x000000005e3b5aa0
 Begin Bits: [0x0000000012ef0000, 0x00000000146f0000)
 End Bits:   [0x00000000146f0000, 0x0000000015ef0000)

Polling page: 0x0000000000e10000

CodeCache: size=245760Kb used=38519Kb max_used=39762Kb free=207241Kb
 bounds [0x0000000003020000, 0x0000000005730000, 0x0000000012020000]
 total_blobs=13302 nmethods=12382 adapters=831
 compilation: enabled

Compilation events (10 events):
Event: 235.035 Thread 0x00000000185a3000 15039       3       com.android.tools.r8.graph.DexItemFactory$$Lambda$922/1539209927::apply (15 bytes)
Event: 235.036 Thread 0x00000000185a3000 nmethod 15039 0x0000000004718990 code [0x0000000004718b00, 0x0000000004718e68]
Event: 235.036 Thread 0x00000000185a3000 15040       3       com.android.tools.r8.graph.DexDebugEvent$Default::<init> (37 bytes)
Event: 235.036 Thread 0x00000000185a3000 nmethod 15040 0x0000000004718450 code [0x00000000047185c0, 0x0000000004718850]
Event: 235.036 Thread 0x00000000185a3000 15041       3       com.android.tools.r8.code.AddInt2Addr::<init> (7 bytes)
Event: 235.036 Thread 0x00000000185a3000 nmethod 15041 0x000000000537dc50 code [0x000000000537ddc0, 0x000000000537e110]
Event: 235.038 Thread 0x00000000185a3000 15042       1       com.android.tools.r8.graph.DexDebugEvent$AdvancePC::hashCode (10 bytes)
Event: 235.038 Thread 0x00000000185a3000 nmethod 15042 0x0000000005262d90 code [0x0000000005262ee0, 0x0000000005262ff0]
Event: 235.038 Thread 0x00000000185a3000 15043       3       com.android.tools.r8.code.Aget::<init> (7 bytes)
Event: 235.039 Thread 0x00000000185a3000 nmethod 15043 0x000000000537d1d0 code [0x000000000537d380, 0x000000000537d878]

GC Heap History (10 events):
Event: 36.736 GC heap before
{Heap before GC invocations=17 (full 3):
 PSYoungGen      total 278016K, used 277962K [0x00000000e0000000, 0x00000000f7880000, 0x0000000100000000)
  eden space 256000K, 99% used [0x00000000e0000000,0x00000000ef9f84b8,0x00000000efa00000)
  from space 22016K, 99% used [0x00000000efa00000,0x00000000f0f7a710,0x00000000f0f80000)
  to   space 27648K, 0% used [0x00000000f5d80000,0x00000000f5d80000,0x00000000f7880000)
 ParOldGen       total 129536K, used 36462K [0x00000000a0000000, 0x00000000a7e80000, 0x00000000e0000000)
  object space 129536K, 28% used [0x00000000a0000000,0x00000000a239b9a0,0x00000000a7e80000)
 Metaspace       used 70015K, capacity 72580K, committed 72744K, reserved 1112064K
  class space    used 9389K, capacity 9931K, committed 10024K, reserved 1048576K
Event: 36.758 GC heap after
Heap after GC invocations=17 (full 3):
 PSYoungGen      total 346624K, used 27630K [0x00000000e0000000, 0x00000000f9380000, 0x0000000100000000)
  eden space 318976K, 0% used [0x00000000e0000000,0x00000000e0000000,0x00000000f3780000)
  from space 27648K, 99% used [0x00000000f5d80000,0x00000000f787b960,0x00000000f7880000)
  to   space 38912K, 0% used [0x00000000f3780000,0x00000000f3780000,0x00000000f5d80000)
 ParOldGen       total 129536K, used 56383K [0x00000000a0000000, 0x00000000a7e80000, 0x00000000e0000000)
  object space 129536K, 43% used [0x00000000a0000000,0x00000000a370ff88,0x00000000a7e80000)
 Metaspace       used 70015K, capacity 72580K, committed 72744K, reserved 1112064K
  class space    used 9389K, capacity 9931K, committed 10024K, reserved 1048576K
}
Event: 225.445 GC heap before
{Heap before GC invocations=18 (full 3):
 PSYoungGen      total 346624K, used 346606K [0x00000000e0000000, 0x00000000f9380000, 0x0000000100000000)
  eden space 318976K, 100% used [0x00000000e0000000,0x00000000f3780000,0x00000000f3780000)
  from space 27648K, 99% used [0x00000000f5d80000,0x00000000f787b960,0x00000000f7880000)
  to   space 38912K, 0% used [0x00000000f3780000,0x00000000f3780000,0x00000000f5d80000)
 ParOldGen       total 129536K, used 56383K [0x00000000a0000000, 0x00000000a7e80000, 0x00000000e0000000)
  object space 129536K, 43% used [0x00000000a0000000,0x00000000a370ff88,0x00000000a7e80000)
 Metaspace       used 77479K, capacity 80278K, committed 80424K, reserved 1118208K
  class space    used 10140K, capacity 10730K, committed 10792K, reserved 1048576K
Event: 225.463 GC heap after
Heap after GC invocations=18 (full 3):
 PSYoungGen      total 357888K, used 14374K [0x00000000e0000000, 0x00000000fd400000, 0x0000000100000000)
  eden space 318976K, 0% used [0x00000000e0000000,0x00000000e0000000,0x00000000f3780000)
  from space 38912K, 36% used [0x00000000f3780000,0x00000000f4589af0,0x00000000f5d80000)
  to   space 37376K, 0% used [0x00000000faf80000,0x00000000faf80000,0x00000000fd400000)
 ParOldGen       total 129536K, used 65106K [0x00000000a0000000, 0x00000000a7e80000, 0x00000000e0000000)
  object space 129536K, 50% used [0x00000000a0000000,0x00000000a3f94a50,0x00000000a7e80000)
 Metaspace       used 77479K, capacity 80278K, committed 80424K, reserved 1118208K
  class space    used 10140K, capacity 10730K, committed 10792K, reserved 1048576K
}
Event: 231.279 GC heap before
{Heap before GC invocations=19 (full 3):
 PSYoungGen      total 357888K, used 333350K [0x00000000e0000000, 0x00000000fd400000, 0x0000000100000000)
  eden space 318976K, 100% used [0x00000000e0000000,0x00000000f3780000,0x00000000f3780000)
  from space 38912K, 36% used [0x00000000f3780000,0x00000000f4589af0,0x00000000f5d80000)
  to   space 37376K, 0% used [0x00000000faf80000,0x00000000faf80000,0x00000000fd400000)
 ParOldGen       total 129536K, used 65143K [0x00000000a0000000, 0x00000000a7e80000, 0x00000000e0000000)
  object space 129536K, 50% used [0x00000000a0000000,0x00000000a3f9df50,0x00000000a7e80000)
 Metaspace       used 85534K, capacity 88502K, committed 88744K, reserved 1126400K
  class space    used 11072K, capacity 11654K, committed 11688K, reserved 1048576K
Event: 231.318 GC heap after
Heap after GC invocations=19 (full 3):
 PSYoungGen      total 431104K, used 37374K [0x00000000e0000000, 0x00000000fd880000, 0x0000000100000000)
  eden space 393728K, 0% used [0x00000000e0000000,0x00000000e0000000,0x00000000f8080000)
  from space 37376K, 99% used [0x00000000faf80000,0x00000000fd3ffb40,0x00000000fd400000)
  to   space 45056K, 0% used [0x00000000f8080000,0x00000000f8080000,0x00000000fac80000)
 ParOldGen       total 129536K, used 70824K [0x00000000a0000000, 0x00000000a7e80000, 0x00000000e0000000)
  object space 129536K, 54% used [0x00000000a0000000,0x00000000a452a100,0x00000000a7e80000)
 Metaspace       used 85534K, capacity 88502K, committed 88744K, reserved 1126400K
  class space    used 11072K, capacity 11654K, committed 11688K, reserved 1048576K
}
Event: 232.384 GC heap before
{Heap before GC invocations=20 (full 3):
 PSYoungGen      total 431104K, used 148407K [0x00000000e0000000, 0x00000000fd880000, 0x0000000100000000)
  eden space 393728K, 28% used [0x00000000e0000000,0x00000000e6c6e148,0x00000000f8080000)
  from space 37376K, 99% used [0x00000000faf80000,0x00000000fd3ffb40,0x00000000fd400000)
  to   space 45056K, 0% used [0x00000000f8080000,0x00000000f8080000,0x00000000fac80000)
 ParOldGen       total 129536K, used 70824K [0x00000000a0000000, 0x00000000a7e80000, 0x00000000e0000000)
  object space 129536K, 54% used [0x00000000a0000000,0x00000000a452a100,0x00000000a7e80000)
 Metaspace       used 93909K, capacity 98547K, committed 98600K, reserved 1134592K
  class space    used 12301K, capacity 13171K, committed 13224K, reserved 1048576K
Event: 232.414 GC heap after
Heap after GC invocations=20 (full 3):
 PSYoungGen      total 438784K, used 19348K [0x00000000e0000000, 0x00000000fd880000, 0x0000000100000000)
  eden space 393728K, 0% used [0x00000000e0000000,0x00000000e0000000,0x00000000f8080000)
  from space 45056K, 42% used [0x00000000f8080000,0x00000000f9365310,0x00000000fac80000)
  to   space 37376K, 0% used [0x00000000faf80000,0x00000000faf80000,0x00000000fd400000)
 ParOldGen       total 129536K, used 84793K [0x00000000a0000000, 0x00000000a7e80000, 0x00000000e0000000)
  object space 129536K, 65% used [0x00000000a0000000,0x00000000a52ce450,0x00000000a7e80000)
 Metaspace       used 93909K, capacity 98547K, committed 98600K, reserved 1134592K
  class space    used 12301K, capacity 13171K, committed 13224K, reserved 1048576K
}
Event: 232.414 GC heap before
{Heap before GC invocations=21 (full 4):
 PSYoungGen      total 438784K, used 19348K [0x00000000e0000000, 0x00000000fd880000, 0x0000000100000000)
  eden space 393728K, 0% used [0x00000000e0000000,0x00000000e0000000,0x00000000f8080000)
  from space 45056K, 42% used [0x00000000f8080000,0x00000000f9365310,0x00000000fac80000)
  to   space 37376K, 0% used [0x00000000faf80000,0x00000000faf80000,0x00000000fd400000)
 ParOldGen       total 129536K, used 84793K [0x00000000a0000000, 0x00000000a7e80000, 0x00000000e0000000)
  object space 129536K, 65% used [0x00000000a0000000,0x00000000a52ce450,0x00000000a7e80000)
 Metaspace       used 93909K, capacity 98547K, committed 98600K, reserved 1134592K
  class space    used 12301K, capacity 13171K, committed 13224K, reserved 1048576K
Event: 232.554 GC heap after
Heap after GC invocations=21 (full 4):
 PSYoungGen      total 438784K, used 0K [0x00000000e0000000, 0x00000000fd880000, 0x0000000100000000)
  eden space 393728K, 0% used [0x00000000e0000000,0x00000000e0000000,0x00000000f8080000)
  from space 45056K, 0% used [0x00000000f8080000,0x00000000f8080000,0x00000000fac80000)
  to   space 37376K, 0% used [0x00000000faf80000,0x00000000faf80000,0x00000000fd400000)
 ParOldGen       total 129536K, used 75386K [0x00000000a0000000, 0x00000000a7e80000, 0x00000000e0000000)
  object space 129536K, 58% used [0x00000000a0000000,0x00000000a499e898,0x00000000a7e80000)
 Metaspace       used 93183K, capacity 96605K, committed 98600K, reserved 1134592K
  class space    used 12052K, capacity 12736K, committed 13224K, reserved 1048576K
}

Deoptimization events (10 events):
Event: 234.951 Thread 0x000000001ecd3000 Uncommon trap: reason=unstable_if action=reinterpret pc=0x00000000031352f0 method=java.util.Arrays.hashCode([Ljava/lang/Object;)I @ 1
Event: 234.951 Thread 0x000000001ecd1000 Uncommon trap: reason=unstable_if action=reinterpret pc=0x00000000031352f0 method=java.util.Arrays.hashCode([Ljava/lang/Object;)I @ 1
Event: 234.951 Thread 0x000000001ecd1800 Uncommon trap: reason=unstable_if action=reinterpret pc=0x00000000031352f0 method=java.util.Arrays.hashCode([Ljava/lang/Object;)I @ 1
Event: 234.952 Thread 0x000000001ecd3000 Uncommon trap: reason=unstable_if action=reinterpret pc=0x000000000525bc7c method=com.android.tools.r8.dex.DexParser.cacheAt(ILjava/util/function/Supplier;)Ljava/lang/Object; @ 1
Event: 234.953 Thread 0x000000001eccf800 Uncommon trap: reason=unstable_if action=reinterpret pc=0x0000000005320e0c method=java.util.concurrent.ForkJoinPool.helpStealer(Ljava/util/concurrent/ForkJoinPool$WorkQueue;Ljava/util/concurrent/ForkJoinTask;)V @ 95
Event: 234.960 Thread 0x000000001ecd3000 Uncommon trap: reason=unstable_if action=reinterpret pc=0x00000000050e8f54 method=com.android.tools.r8.graph.DexString.slowCompareTo(Lcom/android/tools/r8/graph/DexString;)I @ 136
Event: 234.965 Thread 0x000000001eccc800 Uncommon trap: reason=unstable_if action=reinterpret pc=0x0000000003feff50 method=com.android.tools.r8.it.unimi.dsi.fastutil.ints.Int2ObjectOpenHashMap.get(I)Ljava/lang/Object; @ 1
Event: 234.966 Thread 0x000000001eccf800 Uncommon trap: reason=unstable_if action=reinterpret pc=0x000000000513b8f8 method=java.util.concurrent.ForkJoinPool.tryCompensate(Ljava/util/concurrent/ForkJoinPool$WorkQueue;)Z @ 59
Event: 234.971 Thread 0x000000001ecd1000 Uncommon trap: reason=unstable_if action=reinterpret pc=0x00000000055fc8b0 method=com.android.tools.r8.it.unimi.dsi.fastutil.ints.Int2ObjectOpenHashMap.insert(ILjava/lang/Object;)I @ 1
Event: 234.982 Thread 0x000000001ecd1000 Uncommon trap: reason=unstable_if action=reinterpret pc=0x00000000052c1e20 method=com.android.tools.r8.it.unimi.dsi.fastutil.ints.Int2ObjectOpenHashMap.insert(ILjava/lang/Object;)I @ 1

Classes redefined (0 events):
No events

Internal exceptions (10 events):
Event: 232.572 Thread 0x000000001a5b9800 Exception <a 'sun/nio/fs/WindowsException'> (0x00000000e0b86950) thrown at [D:\src\AOSP-openjdk-cygwin\jdk8u\hotspot\src\share\vm\prims\jni.cpp, line 709]
Event: 232.573 Thread 0x000000001ecce000 Exception <a 'sun/nio/fs/WindowsException'> (0x00000000e0946bb0) thrown at [D:\src\AOSP-openjdk-cygwin\jdk8u\hotspot\src\share\vm\prims\jni.cpp, line 709]
Event: 232.573 Thread 0x000000001a5b9800 Exception <a 'sun/nio/fs/WindowsException'> (0x00000000e0bcbe08) thrown at [D:\src\AOSP-openjdk-cygwin\jdk8u\hotspot\src\share\vm\prims\jni.cpp, line 709]
Event: 232.575 Thread 0x000000001a5b9800 Exception <a 'sun/nio/fs/WindowsException'> (0x00000000e0d4f5e0) thrown at [D:\src\AOSP-openjdk-cygwin\jdk8u\hotspot\src\share\vm\prims\jni.cpp, line 709]
Event: 234.782 Thread 0x000000001eccf800 Exception <a 'sun/nio/fs/WindowsException'> (0x00000000e1794500) thrown at [D:\src\AOSP-openjdk-cygwin\jdk8u\hotspot\src\share\vm\prims\jni.cpp, line 709]
Event: 234.951 Thread 0x000000001eccc800 Implicit null exception at 0x00000000031351ef to 0x00000000031352e1
Event: 234.951 Thread 0x000000001ecd0000 Implicit null exception at 0x00000000031351ef to 0x00000000031352e1
Event: 234.951 Thread 0x000000001ecd1000 Implicit null exception at 0x00000000031351ef to 0x00000000031352e1
Event: 234.951 Thread 0x000000001ecd3000 Implicit null exception at 0x00000000031351ef to 0x00000000031352e1
Event: 234.951 Thread 0x000000001ecd1800 Implicit null exception at 0x00000000031351ef to 0x00000000031352e1

Events (10 events):
Event: 234.971 Thread 0x000000001ecd1000 DEOPT UNPACKING pc=0x000000000306557b sp=0x000000002f1ce738 mode 2
Event: 234.972 loading class com/android/tools/r8/graph/DexDebugEvent$RestartLocal
Event: 234.972 loading class com/android/tools/r8/graph/DexDebugEvent$RestartLocal done
Event: 234.972 loading class com/android/tools/r8/graph/DexDebugEvent$RestartLocal
Event: 234.972 loading class com/android/tools/r8/graph/DexDebugEvent$RestartLocal done
Event: 234.982 Thread 0x000000001ecd1000 Uncommon trap: trap_request=0xffffff65 fr.pc=0x00000000052c1e20
Event: 234.982 Thread 0x000000001ecd1000 DEOPT PACKING pc=0x00000000052c1e20 sp=0x000000002f1ce7c0
Event: 234.982 Thread 0x000000001ecd1000 DEOPT UNPACKING pc=0x000000000306557b sp=0x000000002f1ce748 mode 2
Event: 235.033 Thread 0x000000001ecd1000 DEOPT PACKING pc=0x0000000003f86db3 sp=0x000000002f1ce990
Event: 235.033 Thread 0x000000001ecd1000 DEOPT UNPACKING pc=0x00000000030675d0 sp=0x000000002f1ce760 mode 0


Dynamic libraries:
0x00007ff74ec20000 - 0x00007ff74ec51000 	D:\AndroidStudio\android-studio\jre\bin\java.exe
0x00007ffd838d0000 - 0x00007ffd83ab1000 	C:\Windows\SYSTEM32\ntdll.dll
0x00007ffd80e10000 - 0x00007ffd80ec1000 	C:\Windows\System32\KERNEL32.DLL
0x00007ffd7fca0000 - 0x00007ffd7ff13000 	C:\Windows\System32\KERNELBASE.dll
0x00007ffd81b70000 - 0x00007ffd81c11000 	C:\Windows\System32\ADVAPI32.dll
0x00007ffd80ed0000 - 0x00007ffd80f6e000 	C:\Windows\System32\msvcrt.dll
0x00007ffd83190000 - 0x00007ffd831eb000 	C:\Windows\System32\sechost.dll
0x00007ffd83770000 - 0x00007ffd83894000 	C:\Windows\System32\RPCRT4.dll
0x00007ffd835e0000 - 0x00007ffd83770000 	C:\Windows\System32\USER32.dll
0x00007ffd7ffc0000 - 0x00007ffd7ffe0000 	C:\Windows\System32\win32u.dll
0x00007ffd81120000 - 0x00007ffd81148000 	C:\Windows\System32\GDI32.dll
0x00007ffd807f0000 - 0x00007ffd80982000 	C:\Windows\System32\gdi32full.dll
0x00007ffd7ff20000 - 0x00007ffd7ffbf000 	C:\Windows\System32\msvcp_win.dll
0x00007ffd809f0000 - 0x00007ffd80ae8000 	C:\Windows\System32\ucrtbase.dll
0x00007ffd77ca0000 - 0x00007ffd77f09000 	C:\Windows\WinSxS\amd64_microsoft.windows.common-controls_6595b64144ccf1df_6.0.17134.706_none_fb43a2cb30647007\COMCTL32.dll
0x00007ffd832a0000 - 0x00007ffd835c2000 	C:\Windows\System32\combase.dll
0x00007ffd80af0000 - 0x00007ffd80b6a000 	C:\Windows\System32\bcryptPrimitives.dll
0x00007ffd81940000 - 0x00007ffd8196d000 	C:\Windows\System32\IMM32.DLL
0x000000005db10000 - 0x000000005dbe2000 	D:\AndroidStudio\android-studio\jre\jre\bin\msvcr100.dll
0x000000005dbf0000 - 0x000000005e431000 	D:\AndroidStudio\android-studio\jre\jre\bin\server\jvm.dll
0x00007ffd80d60000 - 0x00007ffd80d68000 	C:\Windows\System32\PSAPI.DLL
0x00007ffd7da10000 - 0x00007ffd7da33000 	C:\Windows\SYSTEM32\WINMM.dll
0x00007ffd7e800000 - 0x00007ffd7e80a000 	C:\Windows\SYSTEM32\VERSION.dll
0x00007ffd7da80000 - 0x00007ffd7da89000 	C:\Windows\SYSTEM32\WSOCK32.dll
0x00007ffd83060000 - 0x00007ffd830cc000 	C:\Windows\System32\WS2_32.dll
0x00007ffd7d9e0000 - 0x00007ffd7da0a000 	C:\Windows\SYSTEM32\winmmbase.dll
0x00007ffd7ffe0000 - 0x00007ffd80029000 	C:\Windows\System32\cfgmgr32.dll
0x00007ffd7c440000 - 0x00007ffd7c44f000 	D:\AndroidStudio\android-studio\jre\jre\bin\verify.dll
0x00007ffd7b450000 - 0x00007ffd7b479000 	D:\AndroidStudio\android-studio\jre\jre\bin\java.dll
0x00007ffd7b430000 - 0x00007ffd7b446000 	D:\AndroidStudio\android-studio\jre\jre\bin\zip.dll
0x00007ffd81c20000 - 0x00007ffd83060000 	C:\Windows\System32\SHELL32.dll
0x00007ffd831f0000 - 0x00007ffd83299000 	C:\Windows\System32\shcore.dll
0x00007ffd800e0000 - 0x00007ffd807ed000 	C:\Windows\System32\windows.storage.dll
0x00007ffd83130000 - 0x00007ffd83181000 	C:\Windows\System32\shlwapi.dll
0x00007ffd7fc40000 - 0x00007ffd7fc51000 	C:\Windows\System32\kernel.appcore.dll
0x00007ffd7fc80000 - 0x00007ffd7fc9f000 	C:\Windows\System32\profapi.dll
0x00007ffd7fbf0000 - 0x00007ffd7fc3c000 	C:\Windows\System32\powrprof.dll
0x00007ffd7fbe0000 - 0x00007ffd7fbea000 	C:\Windows\System32\FLTLIB.DLL
0x00007ffd791b0000 - 0x00007ffd791ca000 	D:\AndroidStudio\android-studio\jre\jre\bin\net.dll
0x00007ffd7f440000 - 0x00007ffd7f4a6000 	C:\Windows\system32\mswsock.dll
0x00007ffd79190000 - 0x00007ffd791a1000 	D:\AndroidStudio\android-studio\jre\jre\bin\nio.dll
0x00007ffd77ac0000 - 0x00007ffd77ade000 	C:\Users\Administrator\.gradle\native\25\windows-amd64\native-platform.dll
0x00007ffd7c430000 - 0x00007ffd7c43d000 	D:\AndroidStudio\android-studio\jre\jre\bin\management.dll
0x00007ffd7f5f0000 - 0x00007ffd7f607000 	C:\Windows\SYSTEM32\CRYPTSP.dll
0x00007ffd7efc0000 - 0x00007ffd7eff3000 	C:\Windows\system32\rsaenh.dll
0x00007ffd7f720000 - 0x00007ffd7f745000 	C:\Windows\SYSTEM32\bcrypt.dll
0x00007ffd7fae0000 - 0x00007ffd7fb08000 	C:\Windows\SYSTEM32\USERENV.dll
0x00007ffd7f610000 - 0x00007ffd7f61b000 	C:\Windows\SYSTEM32\CRYPTBASE.dll
0x00007ffd7f1c0000 - 0x00007ffd7f1f8000 	C:\Windows\SYSTEM32\IPHLPAPI.DLL
0x00007ffd80f70000 - 0x00007ffd80f78000 	C:\Windows\System32\NSI.dll
0x00007ffd7b410000 - 0x00007ffd7b426000 	C:\Windows\SYSTEM32\dhcpcsvc6.DLL
0x00007ffd7b3f0000 - 0x00007ffd7b40a000 	C:\Windows\SYSTEM32\dhcpcsvc.DLL
0x00007ffd79710000 - 0x00007ffd79734000 	D:\AndroidStudio\android-studio\jre\jre\bin\sunec.dll
0x00007ffd7f200000 - 0x00007ffd7f2be000 	C:\Windows\SYSTEM32\DNSAPI.dll
0x00007ffd79fc0000 - 0x00007ffd79fca000 	C:\Windows\System32\rasadhlp.dll
0x00007ffd79ca0000 - 0x00007ffd79d12000 	C:\Windows\System32\fwpuclnt.dll
0x00007ffd7c350000 - 0x00007ffd7c35b000 	D:\AndroidStudio\android-studio\jre\jre\bin\sunmscapi.dll
0x00007ffd80b70000 - 0x00007ffd80d52000 	C:\Windows\System32\CRYPT32.dll
0x00007ffd7fc60000 - 0x00007ffd7fc72000 	C:\Windows\System32\MSASN1.dll

VM Arguments:
jvm_args: -Xmx1536m -Dfile.encoding=GBK -Duser.country=CN -Duser.language=zh -Duser.variant 
java_command: org.gradle.launcher.daemon.bootstrap.GradleDaemon 5.1.1
java_class_path (initial): C:\Users\Administrator\.gradle\wrapper\dists\gradle-5.1.1-all\97z1ksx6lirer3kbvdnh7jtjg\gradle-5.1.1\lib\gradle-launcher-5.1.1.jar
Launcher Type: SUN_STANDARD

Environment Variables:
JAVA_HOME=C:\Program Files (x86)\Java\jdk1.8.0_73
CLASSPATH=.C:\Program Files (x86)\Java\jdk1.8.0_73lib;C:\Program Files (x86)\Java\jdk1.8.0_73lib\tools.jar
PATH=C:\ProgramData\Oracle\Java\javapath;C:\Windows\system32;C:\Windows;C:\Windows\System32\Wbem;C:\Windows\System32\WindowsPowerShell\v1.0\;C:\Windows\System32\OpenSSH\;H:\Git\Git\cmd;H:\SVN\bin;C:\Program Files (x86)\Java\jdk1.8.0_73\bin;C:\Program Files (x86)\Java\jdk1.8.0_73\jre\bin;C:\Users\Administrator\AppData\Local\Android\Sdk\platform-tools;C:\Program Files\MySQL\MySQL Server 8.0\bin;C:\Users\Administrator\AppData\Local\Android\Sdk\ndk-bundle;;C:\Program Files (x86)\NVIDIA Corporation\PhysX\Common;C:\Program Files\NVIDIA Corporation\NVIDIA NvDLISR;C:\Program Files\MySQL\MySQL Shell 8.0\bin\
USERNAME=Administrator
OS=Windows_NT
PROCESSOR_IDENTIFIER=Intel64 Family 6 Model 158 Stepping 10, GenuineIntel



---------------  S Y S T E M  ---------------

OS: Windows 10.0 , 64 bit Build 17134 (10.0.17134.706)

CPU:total 6 (initial active 6) (6 cores per cpu, 1 threads per core) family 6 model 158 stepping 10, cmov, cx8, fxsr, mmx, sse, sse2, sse3, ssse3, sse4.1, sse4.2, popcnt, avx, avx2, aes, clmul, erms, 3dnowpref, lzcnt, tsc, tscinvbit, bmi1, bmi2, adx

Memory: 4k page, physical 8320488k(521436k free), swap 12514792k(4284k free)

vm_info: OpenJDK 64-Bit Server VM (25.152-b01) for windows-amd64 JRE (1.8.0_152-release-1343-b01), built by "builder" with MS VC++ 10.0 (VS2010)

time: Tue Aug 13 11:22:40 2019
elapsed time: 235 seconds (0d 0h 3m 55s)

