#
# There is insufficient memory for the Java Runtime Environment to continue.
# Native memory allocation (malloc) failed to allocate 65552 bytes for Chunk::new
# Possible reasons:
#   The system is out of physical RAM or swap space
#   In 32 bit mode, the process size limit was hit
# Possible solutions:
#   Reduce memory load on the system
#   Increase physical memory or swap space
#   Check if swap backing store is full
#   Use 64 bit Java on a 64 bit OS
#   Decrease Java heap size (-Xmx/-Xms)
#   Decrease number of Java threads
#   Decrease Java thread stack sizes (-Xss)
#   Set larger code cache with -XX:ReservedCodeCacheSize=
# This output file may be truncated or incomplete.
#
#  Out of Memory Error (allocation.cpp:390), pid=924, tid=0x00000000000028cc
#
# JRE version: OpenJDK Runtime Environment (8.0_152-b01) (build 1.8.0_152-release-1343-b01)
# Java VM: OpenJDK 64-Bit Server VM (25.152-b01 mixed mode windows-amd64 compressed oops)
# Failed to write core dump. Minidumps are not enabled by default on client versions of Windows
#

---------------  T H R E A D  ---------------

Current thread (0x00000000187bb800):  JavaThread "C2 CompilerThread0" daemon [_thread_in_native, id=10444, stack(0x0000000018d70000,0x0000000018e70000)]

Stack: [0x0000000018d70000,0x0000000018e70000]
[error occurred during error reporting (printing stack bounds), id 0xc0000005]

Native frames: (J=compiled Java code, j=interpreted, Vv=VM code, C=native code)


Current CompileTask:
C2:  27470 15605       4       com.android.tools.build.apkzlib.zip.StoredEntry::readLocalHeader (484 bytes)


---------------  P R O C E S S  ---------------

Java Threads: ( => current thread )
  0x0000000018a07800 JavaThread "ForkJoinPool.commonPool-worker-4" daemon [_thread_blocked, id=1816, stack(0x0000000025740000,0x0000000025840000)]
  0x0000000018a04800 JavaThread "ForkJoinPool.commonPool-worker-3" daemon [_thread_blocked, id=10196, stack(0x0000000025640000,0x0000000025740000)]
  0x0000000018a02000 JavaThread "ForkJoinPool.commonPool-worker-2" daemon [_thread_blocked, id=5604, stack(0x0000000025540000,0x0000000025640000)]
  0x0000000018a06800 JavaThread "ForkJoinPool.commonPool-worker-1" daemon [_thread_blocked, id=5516, stack(0x0000000025440000,0x0000000025540000)]
  0x00000000211c1000 JavaThread "Cache worker for execution history cache (F:\AndroidWork\ArtisanProject\.gradle\5.1.1\executionHistory)" [_thread_blocked, id=9100, stack(0x0000000024c40000,0x0000000024d40000)]
  0x00000000211b7800 JavaThread "Cache worker for file content cache (F:\AndroidWork\ArtisanProject\.gradle\5.1.1\fileContent)" [_thread_blocked, id=2496, stack(0x0000000024440000,0x0000000024540000)]
  0x00000000211bd800 JavaThread "Cache worker for file content cache (C:\Users\Administrator\.gradle\caches\5.1.1\fileContent)" [_thread_blocked, id=3988, stack(0x0000000024340000,0x0000000024440000)]
  0x00000000211bc800 JavaThread "Memory manager" [_thread_blocked, id=6952, stack(0x0000000024240000,0x0000000024340000)]
  0x000000001d1f0000 JavaThread "Cache worker for Build Output Cleanup Cache (F:\AndroidWork\ArtisanProject\.gradle\buildOutputCleanup)" [_thread_blocked, id=5776, stack(0x0000000022fd0000,0x00000000230d0000)]
  0x000000001d1f5800 JavaThread "Build operations Thread 6" [_thread_blocked, id=1152, stack(0x00000000228d0000,0x00000000229d0000)]
  0x000000001d1f4800 JavaThread "Build operations Thread 5" [_thread_blocked, id=13792, stack(0x00000000227d0000,0x00000000228d0000)]
  0x000000001d1f3000 JavaThread "Build operations Thread 4" [_thread_blocked, id=5640, stack(0x00000000226d0000,0x00000000227d0000)]
  0x000000001d1f6000 JavaThread "Build operations Thread 3" [_thread_blocked, id=12820, stack(0x00000000225d0000,0x00000000226d0000)]
  0x000000001d1f4000 JavaThread "Build operations Thread 2" [_thread_blocked, id=13296, stack(0x00000000224d0000,0x00000000225d0000)]
  0x000000001d1f1800 JavaThread "Build operations" [_thread_blocked, id=12460, stack(0x00000000223d0000,0x00000000224d0000)]
  0x000000001d1f1000 JavaThread "Cache worker for execution history cache (C:\Users\Administrator\.gradle\caches\5.1.1\executionHistory)" [_thread_blocked, id=824, stack(0x0000000020930000,0x0000000020a30000)]
  0x0000000019c21000 JavaThread "Cache worker for cache directory md-rule (C:\Users\Administrator\.gradle\caches\5.1.1\md-rule)" [_thread_blocked, id=6104, stack(0x0000000020710000,0x0000000020810000)]
  0x0000000019c1f800 JavaThread "Cache worker for cache directory md-supplier (C:\Users\Administrator\.gradle\caches\5.1.1\md-supplier)" [_thread_blocked, id=14048, stack(0x0000000020610000,0x0000000020710000)]
  0x0000000019c25000 JavaThread "Cache worker for file hash cache (F:\AndroidWork\ArtisanProject\.gradle\5.1.1\fileHashes)" [_thread_blocked, id=12524, stack(0x000000001dce0000,0x000000001dde0000)]
  0x0000000019c20800 JavaThread "Cache worker for journal cache (C:\Users\Administrator\.gradle\caches\journal-1)" [_thread_blocked, id=2472, stack(0x000000001ca10000,0x000000001cb10000)]
  0x000000001ab3c000 JavaThread "File lock request listener" [_thread_in_native, id=2180, stack(0x000000001c810000,0x000000001c910000)]
  0x000000001a452000 JavaThread "Cache worker for file hash cache (C:\Users\Administrator\.gradle\caches\5.1.1\fileHashes)" [_thread_blocked, id=816, stack(0x000000001c710000,0x000000001c810000)]
  0x000000001aaf0800 JavaThread "Thread-8" [_thread_blocked, id=10768, stack(0x000000001c610000,0x000000001c710000)]
  0x000000001aaed800 JavaThread "Stdin handler" [_thread_blocked, id=11240, stack(0x000000001c510000,0x000000001c610000)]
  0x0000000019d6c800 JavaThread "Asynchronous log dispatcher for DefaultDaemonConnection: socket connection from /127.0.0.1:55698 to /127.0.0.1:55699" [_thread_blocked, id=14248, stack(0x000000001c410000,0x000000001c510000)]
  0x000000001aafc800 JavaThread "Daemon worker" [_thread_in_vm, id=10900, stack(0x000000001c310000,0x000000001c410000)]
  0x000000001aafb800 JavaThread "Cancel handler" [_thread_blocked, id=13736, stack(0x000000001c210000,0x000000001c310000)]
  0x0000000019c36000 JavaThread "Handler for socket connection from /127.0.0.1:55698 to /127.0.0.1:55699" [_thread_in_native, id=1184, stack(0x000000001bf10000,0x000000001c010000)]
  0x0000000019c33800 JavaThread "Daemon" [_thread_blocked, id=13020, stack(0x000000001be10000,0x000000001bf10000)]
  0x000000001ab76800 JavaThread "Daemon periodic checks" [_thread_blocked, id=13076, stack(0x000000001bd10000,0x000000001be10000)]
  0x000000001a2a5800 JavaThread "Incoming local TCP Connector on port 55698" [_thread_in_native, id=3600, stack(0x000000001bc10000,0x000000001bd10000)]
  0x0000000018842800 JavaThread "Service Thread" daemon [_thread_blocked, id=10016, stack(0x0000000019070000,0x0000000019170000)]
  0x00000000187c1000 JavaThread "C1 CompilerThread2" daemon [_thread_blocked, id=7556, stack(0x0000000018f70000,0x0000000019070000)]
  0x00000000187bd000 JavaThread "C2 CompilerThread1" daemon [_thread_in_native, id=1252, stack(0x0000000018e70000,0x0000000018f70000)]
=>0x00000000187bb800 JavaThread "C2 CompilerThread0" daemon [_thread_in_native, id=10444, stack(0x0000000018d70000,0x0000000018e70000)]
  0x00000000187ba000 JavaThread "Attach Listener" daemon [_thread_blocked, id=5272, stack(0x0000000018c70000,0x0000000018d70000)]
  0x0000000016e11000 JavaThread "Signal Dispatcher" daemon [_thread_blocked, id=4996, stack(0x0000000018b70000,0x0000000018c70000)]
  0x0000000016deb800 JavaThread "Finalizer" daemon [_thread_blocked, id=3412, stack(0x0000000018670000,0x0000000018770000)]
  0x0000000003242000 JavaThread "Reference Handler" daemon [_thread_blocked, id=6364, stack(0x0000000018570000,0x0000000018670000)]
  0x000000000314e000 JavaThread "main" [_thread_blocked, id=1604, stack(0x0000000002f50000,0x0000000003050000)]

Other Threads:
  0x0000000016dc6800 VMThread [stack: 0x0000000018470000,0x0000000018570000] [id=10624]
  0x0000000018854800 WatcherThread [stack: 0x0000000019170000,0x0000000019270000] [id=14144]

VM state:not at safepoint (normal execution)

VM Mutex/Monitor currently owned by a thread: None

Heap:
 PSYoungGen      total 490496K, used 221988K [0x00000000e0000000, 0x0000000100000000, 0x0000000100000000)
  eden space 456704K, 47% used [0x00000000e0000000,0x00000000ed55f898,0x00000000fbe00000)
  from space 33792K, 10% used [0x00000000fbe00000,0x00000000fc169860,0x00000000fdf00000)
  to   space 33792K, 0% used [0x00000000fdf00000,0x00000000fdf00000,0x0000000100000000)
 ParOldGen       total 129536K, used 106958K [0x00000000a0000000, 0x00000000a7e80000, 0x00000000e0000000)
  object space 129536K, 82% used [0x00000000a0000000,0x00000000a6873840,0x00000000a7e80000)
 Metaspace       used 82493K, capacity 86100K, committed 86360K, reserved 1124352K
  class space    used 10823K, capacity 11535K, committed 11608K, reserved 1048576K

Card table byte_map: [0x0000000012610000,0x0000000012920000] byte_map_base: 0x0000000012110000

Marking Bits: (ParMarkBitMap*) 0x000000005e3b5aa0
 Begin Bits: [0x0000000013120000, 0x0000000014920000)
 End Bits:   [0x0000000014920000, 0x0000000016120000)

Polling page: 0x0000000000e30000

CodeCache: size=245760Kb used=42926Kb max_used=42947Kb free=202833Kb
 bounds [0x0000000003250000, 0x0000000005c70000, 0x0000000012250000]
 total_blobs=14593 nmethods=13725 adapters=778
 compilation: enabled

Compilation events (10 events):
Event: 27.452 Thread 0x00000000187c1000 15975       2       java.lang.StackTraceElement::toString (140 bytes)
Event: 27.452 Thread 0x00000000187c1000 nmethod 15975 0x0000000005c6b2d0 code [0x0000000005c6b500, 0x0000000005c6bd28]
Event: 27.452 Thread 0x00000000187c1000 15976       2       java.lang.StackTraceElement::isNativeMethod (15 bytes)
Event: 27.452 Thread 0x00000000187c1000 nmethod 15976 0x0000000005c6c1d0 code [0x0000000005c6c320, 0x0000000005c6c490]
Event: 27.457 Thread 0x00000000187c1000 15979       1       java.lang.StackTraceElement::getFileName (5 bytes)
Event: 27.457 Thread 0x00000000187c1000 nmethod 15979 0x0000000005c6c510 code [0x0000000005c6c660, 0x0000000005c6c770]
Event: 27.458 Thread 0x00000000187c1000 15980       1       java.lang.StackTraceElement::getLineNumber (5 bytes)
Event: 27.458 Thread 0x00000000187c1000 nmethod 15980 0x0000000003475c90 code [0x0000000003475de0, 0x0000000003475ef0]
Event: 27.459 Thread 0x00000000187c1000 15981       2       org.codehaus.groovy.runtime.StackTraceUtils::isApplicationClass (84 bytes)
Event: 27.460 Thread 0x00000000187c1000 nmethod 15981 0x0000000003689850 code [0x0000000003689a00, 0x0000000003689e18]

GC Heap History (10 events):
Event: 21.791 GC heap before
{Heap before GC invocations=22 (full 3):
 PSYoungGen      total 349184K, used 329870K [0x00000000e0000000, 0x00000000f7a00000, 0x0000000100000000)
  eden space 313344K, 100% used [0x00000000e0000000,0x00000000f3200000,0x00000000f3200000)
  from space 35840K, 46% used [0x00000000f5380000,0x00000000f63a3be8,0x00000000f7680000)
  to   space 34304K, 0% used [0x00000000f3200000,0x00000000f3200000,0x00000000f5380000)
 ParOldGen       total 129536K, used 91186K [0x00000000a0000000, 0x00000000a7e80000, 0x00000000e0000000)
  object space 129536K, 70% used [0x00000000a0000000,0x00000000a590c9b8,0x00000000a7e80000)
 Metaspace       used 79767K, capacity 83034K, committed 83160K, reserved 1122304K
  class space    used 10540K, capacity 11180K, committed 11224K, reserved 1048576K
Event: 21.807 GC heap after
Heap after GC invocations=22 (full 3):
 PSYoungGen      total 347648K, used 3088K [0x00000000e0000000, 0x00000000fbe00000, 0x0000000100000000)
  eden space 313344K, 0% used [0x00000000e0000000,0x00000000e0000000,0x00000000f3200000)
  from space 34304K, 9% used [0x00000000f3200000,0x00000000f3504030,0x00000000f5380000)
  to   space 34816K, 0% used [0x00000000f9c00000,0x00000000f9c00000,0x00000000fbe00000)
 ParOldGen       total 129536K, used 102065K [0x00000000a0000000, 0x00000000a7e80000, 0x00000000e0000000)
  object space 129536K, 78% used [0x00000000a0000000,0x00000000a63ac608,0x00000000a7e80000)
 Metaspace       used 79767K, capacity 83034K, committed 83160K, reserved 1122304K
  class space    used 10540K, capacity 11180K, committed 11224K, reserved 1048576K
}
Event: 22.115 GC heap before
{Heap before GC invocations=23 (full 3):
 PSYoungGen      total 347648K, used 316432K [0x00000000e0000000, 0x00000000fbe00000, 0x0000000100000000)
  eden space 313344K, 100% used [0x00000000e0000000,0x00000000f3200000,0x00000000f3200000)
  from space 34304K, 9% used [0x00000000f3200000,0x00000000f3504030,0x00000000f5380000)
  to   space 34816K, 0% used [0x00000000f9c00000,0x00000000f9c00000,0x00000000fbe00000)
 ParOldGen       total 129536K, used 102065K [0x00000000a0000000, 0x00000000a7e80000, 0x00000000e0000000)
  object space 129536K, 78% used [0x00000000a0000000,0x00000000a63ac608,0x00000000a7e80000)
 Metaspace       used 79887K, capacity 83136K, committed 83416K, reserved 1122304K
  class space    used 10548K, capacity 11185K, committed 11224K, reserved 1048576K
Event: 22.129 GC heap after
Heap after GC invocations=23 (full 3):
 PSYoungGen      total 419840K, used 13039K [0x00000000e0000000, 0x00000000fbb00000, 0x0000000100000000)
  eden space 388096K, 0% used [0x00000000e0000000,0x00000000e0000000,0x00000000f7b00000)
  from space 31744K, 41% used [0x00000000f9c00000,0x00000000fa8bbe70,0x00000000fbb00000)
  to   space 32768K, 0% used [0x00000000f7b00000,0x00000000f7b00000,0x00000000f9b00000)
 ParOldGen       total 129536K, used 103516K [0x00000000a0000000, 0x00000000a7e80000, 0x00000000e0000000)
  object space 129536K, 79% used [0x00000000a0000000,0x00000000a6517098,0x00000000a7e80000)
 Metaspace       used 79887K, capacity 83136K, committed 83416K, reserved 1122304K
  class space    used 10548K, capacity 11185K, committed 11224K, reserved 1048576K
}
Event: 22.978 GC heap before
{Heap before GC invocations=24 (full 3):
 PSYoungGen      total 419840K, used 401045K [0x00000000e0000000, 0x00000000fbb00000, 0x0000000100000000)
  eden space 388096K, 99% used [0x00000000e0000000,0x00000000f7ae98d8,0x00000000f7b00000)
  from space 31744K, 41% used [0x00000000f9c00000,0x00000000fa8bbe70,0x00000000fbb00000)
  to   space 32768K, 0% used [0x00000000f7b00000,0x00000000f7b00000,0x00000000f9b00000)
 ParOldGen       total 129536K, used 103516K [0x00000000a0000000, 0x00000000a7e80000, 0x00000000e0000000)
  object space 129536K, 79% used [0x00000000a0000000,0x00000000a6517098,0x00000000a7e80000)
 Metaspace       used 80264K, capacity 83590K, committed 83800K, reserved 1122304K
  class space    used 10586K, capacity 11238K, committed 11352K, reserved 1048576K
Event: 22.988 GC heap after
Heap after GC invocations=24 (full 3):
 PSYoungGen      total 420864K, used 10723K [0x00000000e0000000, 0x00000000fff00000, 0x0000000100000000)
  eden space 388096K, 0% used [0x00000000e0000000,0x00000000e0000000,0x00000000f7b00000)
  from space 32768K, 32% used [0x00000000f7b00000,0x00000000f8578fa0,0x00000000f9b00000)
  to   space 31744K, 0% used [0x00000000fe000000,0x00000000fe000000,0x00000000fff00000)
 ParOldGen       total 129536K, used 105602K [0x00000000a0000000, 0x00000000a7e80000, 0x00000000e0000000)
  object space 129536K, 81% used [0x00000000a0000000,0x00000000a6720ac0,0x00000000a7e80000)
 Metaspace       used 80264K, capacity 83590K, committed 83800K, reserved 1122304K
  class space    used 10586K, capacity 11238K, committed 11352K, reserved 1048576K
}
Event: 24.462 GC heap before
{Heap before GC invocations=25 (full 3):
 PSYoungGen      total 420864K, used 398819K [0x00000000e0000000, 0x00000000fff00000, 0x0000000100000000)
  eden space 388096K, 100% used [0x00000000e0000000,0x00000000f7b00000,0x00000000f7b00000)
  from space 32768K, 32% used [0x00000000f7b00000,0x00000000f8578fa0,0x00000000f9b00000)
  to   space 31744K, 0% used [0x00000000fe000000,0x00000000fe000000,0x00000000fff00000)
 ParOldGen       total 129536K, used 105602K [0x00000000a0000000, 0x00000000a7e80000, 0x00000000e0000000)
  object space 129536K, 81% used [0x00000000a0000000,0x00000000a6720ac0,0x00000000a7e80000)
 Metaspace       used 80879K, capacity 84296K, committed 84568K, reserved 1122304K
  class space    used 10636K, capacity 11327K, committed 11352K, reserved 1048576K
Event: 24.473 GC heap after
Heap after GC invocations=25 (full 3):
 PSYoungGen      total 488448K, used 23820K [0x00000000e0000000, 0x0000000100000000, 0x0000000100000000)
  eden space 456704K, 0% used [0x00000000e0000000,0x00000000e0000000,0x00000000fbe00000)
  from space 31744K, 75% used [0x00000000fe000000,0x00000000ff743160,0x00000000fff00000)
  to   space 33792K, 0% used [0x00000000fbe00000,0x00000000fbe00000,0x00000000fdf00000)
 ParOldGen       total 129536K, used 106729K [0x00000000a0000000, 0x00000000a7e80000, 0x00000000e0000000)
  object space 129536K, 82% used [0x00000000a0000000,0x00000000a683a4d0,0x00000000a7e80000)
 Metaspace       used 80879K, capacity 84296K, committed 84568K, reserved 1122304K
  class space    used 10636K, capacity 11327K, committed 11352K, reserved 1048576K
}
Event: 26.946 GC heap before
{Heap before GC invocations=26 (full 3):
 PSYoungGen      total 488448K, used 480524K [0x00000000e0000000, 0x0000000100000000, 0x0000000100000000)
  eden space 456704K, 100% used [0x00000000e0000000,0x00000000fbe00000,0x00000000fbe00000)
  from space 31744K, 75% used [0x00000000fe000000,0x00000000ff743160,0x00000000fff00000)
  to   space 33792K, 0% used [0x00000000fbe00000,0x00000000fbe00000,0x00000000fdf00000)
 ParOldGen       total 129536K, used 106729K [0x00000000a0000000, 0x00000000a7e80000, 0x00000000e0000000)
  object space 129536K, 82% used [0x00000000a0000000,0x00000000a683a4d0,0x00000000a7e80000)
 Metaspace       used 82054K, capacity 85664K, committed 85848K, reserved 1124352K
  class space    used 10773K, capacity 11487K, committed 11608K, reserved 1048576K
Event: 26.951 GC heap after
Heap after GC invocations=26 (full 3):
 PSYoungGen      total 490496K, used 3494K [0x00000000e0000000, 0x0000000100000000, 0x0000000100000000)
  eden space 456704K, 0% used [0x00000000e0000000,0x00000000e0000000,0x00000000fbe00000)
  from space 33792K, 10% used [0x00000000fbe00000,0x00000000fc169860,0x00000000fdf00000)
  to   space 33792K, 0% used [0x00000000fdf00000,0x00000000fdf00000,0x0000000100000000)
 ParOldGen       total 129536K, used 106958K [0x00000000a0000000, 0x00000000a7e80000, 0x00000000e0000000)
  object space 129536K, 82% used [0x00000000a0000000,0x00000000a6873840,0x00000000a7e80000)
 Metaspace       used 82054K, capacity 85664K, committed 85848K, reserved 1124352K
  class space    used 10773K, capacity 11487K, committed 11608K, reserved 1048576K
}

Deoptimization events (10 events):
Event: 27.347 Thread 0x00000000211b9800 Uncommon trap: reason=class_check action=maybe_recompile pc=0x0000000005b48ecc method=com.android.tools.build.apkzlib.zip.CentralDirectoryHeader.getCompressionInfoWithWait()Lcom/android/tools/build/apkzlib/zip/CentralDirectoryHeaderCompressInfo; @ 4
Event: 27.347 Thread 0x00000000211b9800 Uncommon trap: reason=unstable_if action=reinterpret pc=0x0000000005b3b894 method=com.android.tools.build.apkzlib.zip.ExtraField.size()I @ 4
Event: 27.347 Thread 0x00000000211b9800 Uncommon trap: reason=unstable_if action=reinterpret pc=0x0000000005743094 method=com.android.tools.build.apkzlib.zip.ExtraField.size()I @ 4
Event: 27.347 Thread 0x00000000211b9800 Uncommon trap: reason=class_check action=maybe_recompile pc=0x0000000005af9c50 method=com.android.tools.build.apkzlib.zip.CentralDirectoryHeader.getCompressionInfoWithWait()Lcom/android/tools/build/apkzlib/zip/CentralDirectoryHeaderCompressInfo; @ 4
Event: 27.349 Thread 0x00000000211b9800 Uncommon trap: reason=class_check action=maybe_recompile pc=0x0000000005b48ecc method=com.android.tools.build.apkzlib.zip.CentralDirectoryHeader.getCompressionInfoWithWait()Lcom/android/tools/build/apkzlib/zip/CentralDirectoryHeaderCompressInfo; @ 4
Event: 27.350 Thread 0x00000000211b9800 Uncommon trap: reason=class_check action=maybe_recompile pc=0x0000000005b48ecc method=com.android.tools.build.apkzlib.zip.CentralDirectoryHeader.getCompressionInfoWithWait()Lcom/android/tools/build/apkzlib/zip/CentralDirectoryHeaderCompressInfo; @ 4
Event: 27.350 Thread 0x00000000211b9800 Uncommon trap: reason=class_check action=maybe_recompile pc=0x0000000005af9c50 method=com.android.tools.build.apkzlib.zip.CentralDirectoryHeader.getCompressionInfoWithWait()Lcom/android/tools/build/apkzlib/zip/CentralDirectoryHeaderCompressInfo; @ 4
Event: 27.446 Thread 0x00000000211b9800 Uncommon trap: reason=class_check action=maybe_recompile pc=0x0000000003b0f640 method=java.lang.Throwable.<init>(Ljava/lang/String;Ljava/lang/Throwable;)V @ 24
Event: 27.448 Thread 0x00000000211b9800 Uncommon trap: reason=class_check action=maybe_recompile pc=0x0000000003b0f640 method=java.lang.Throwable.<init>(Ljava/lang/String;Ljava/lang/Throwable;)V @ 24
Event: 27.453 Thread 0x00000000211b9800 Uncommon trap: reason=unstable_if action=reinterpret pc=0x0000000003579428 method=java.util.concurrent.locks.AbstractQueuedSynchronizer.acquireQueued(Ljava/util/concurrent/locks/AbstractQueuedSynchronizer$Node;I)Z @ 70

Classes redefined (0 events):
No events

Internal exceptions (10 events):
Event: 25.556 Thread 0x000000001f6d5800 Exception <a 'sun/nio/fs/WindowsException'> (0x00000000f1846870) thrown at [D:\src\AOSP-openjdk-cygwin\jdk8u\hotspot\src\share\vm\prims\jni.cpp, line 709]
Event: 25.877 Thread 0x00000000211b9800 Exception <a 'java/lang/NoSuchMethodError': java.lang.Object.lambda$asRunnable$0(Lcom/android/tools/build/apkzlib/utils/IOExceptionRunnable;)V> (0x00000000f2a53220) thrown at [D:\src\AOSP-openjdk-cygwin\jdk8u\hotspot\src\share\vm\interpreter\linkResolver.
Event: 25.913 Thread 0x00000000211b9800 Exception <a 'java/lang/NoSuchMethodError': java.lang.Object.newSystemTemporaryDirectory()Lcom/android/tools/build/apkzlib/bytestorage/TemporaryDirectory;> (0x00000000f2c8e748) thrown at [D:\src\AOSP-openjdk-cygwin\jdk8u\hotspot\src\share\vm\interpreter\l
Event: 27.347 Thread 0x00000000211b9800 Implicit null exception at 0x0000000005b3b82a to 0x0000000005b3b879
Event: 27.347 Thread 0x00000000211b9800 Implicit null exception at 0x0000000005743070 to 0x0000000005743080
Event: 27.445 Thread 0x00000000211b9800 Exception <a 'java/lang/OutOfMemoryError'> (0x00000000ecd44640) thrown at [D:\src\AOSP-openjdk-cygwin\jdk8u\hotspot\src\share\vm\prims\jni.cpp, line 735]
Event: 27.446 Thread 0x00000000211b9800 Exception <a 'java/lang/reflect/InvocationTargetException'> (0x00000000ecd50f38) thrown at [D:\src\AOSP-openjdk-cygwin\jdk8u\hotspot\src\share\vm\runtime\reflection.cpp, line 1092]
Event: 27.448 Thread 0x000000001aaf0800 Exception <a 'java/lang/NoSuchMethodError': <clinit>> (0x00000000ece77a60) thrown at [D:\src\AOSP-openjdk-cygwin\jdk8u\hotspot\src\share\vm\prims\jni.cpp, line 1613]
Event: 27.449 Thread 0x000000001aaf0800 Exception <a 'java/lang/NoSuchMethodError': <clinit>> (0x00000000ed0b84c8) thrown at [D:\src\AOSP-openjdk-cygwin\jdk8u\hotspot\src\share\vm\prims\jni.cpp, line 1613]
Event: 27.453 Thread 0x000000001aaf0800 Exception <a 'java/lang/NoSuchMethodError': <clinit>> (0x00000000ed322fe0) thrown at [D:\src\AOSP-openjdk-cygwin\jdk8u\hotspot\src\share\vm\prims\jni.cpp, line 1613]

Events (10 events):
Event: 27.466 loading class com/android/dx/cf/direct/ClassPathOpener$FileNameFilter
Event: 27.466 loading class com/android/dx/cf/direct/ClassPathOpener$FileNameFilter done
Event: 27.466 loading class com/android/dx/rop/type/Prototype
Event: 27.466 loading class com/android/dx/rop/type/Prototype done
Event: 27.467 loading class com/android/dx/rop/code/RegisterSpec
Event: 27.467 loading class com/android/dx/rop/code/RegisterSpec done
Event: 27.467 loading class com/android/dx/rop/type/TypeBearer
Event: 27.467 loading class com/android/dx/rop/type/TypeBearer done
Event: 27.467 loading class com/android/dx/util/ToHuman
Event: 27.467 loading class com/android/dx/util/ToHuman done


Dynamic libraries:
0x00007ff74ec20000 - 0x00007ff74ec51000 	D:\AndroidStudio\android-studio\jre\bin\java.exe
0x00007ffd838d0000 - 0x00007ffd83ab1000 	C:\Windows\SYSTEM32\ntdll.dll
0x00007ffd80e10000 - 0x00007ffd80ec1000 	C:\Windows\System32\KERNEL32.DLL
0x00007ffd7fca0000 - 0x00007ffd7ff13000 	C:\Windows\System32\KERNELBASE.dll
0x00007ffd81b70000 - 0x00007ffd81c11000 	C:\Windows\System32\ADVAPI32.dll
0x00007ffd80ed0000 - 0x00007ffd80f6e000 	C:\Windows\System32\msvcrt.dll
0x00007ffd83190000 - 0x00007ffd831eb000 	C:\Windows\System32\sechost.dll
0x00007ffd83770000 - 0x00007ffd83894000 	C:\Windows\System32\RPCRT4.dll
0x00007ffd835e0000 - 0x00007ffd83770000 	C:\Windows\System32\USER32.dll
0x00007ffd7ffc0000 - 0x00007ffd7ffe0000 	C:\Windows\System32\win32u.dll
0x00007ffd81120000 - 0x00007ffd81148000 	C:\Windows\System32\GDI32.dll
0x00007ffd807f0000 - 0x00007ffd80982000 	C:\Windows\System32\gdi32full.dll
0x00007ffd7ff20000 - 0x00007ffd7ffbf000 	C:\Windows\System32\msvcp_win.dll
0x00007ffd809f0000 - 0x00007ffd80ae8000 	C:\Windows\System32\ucrtbase.dll
0x00007ffd77ca0000 - 0x00007ffd77f09000 	C:\Windows\WinSxS\amd64_microsoft.windows.common-controls_6595b64144ccf1df_6.0.17134.706_none_fb43a2cb30647007\COMCTL32.dll
0x00007ffd832a0000 - 0x00007ffd835c2000 	C:\Windows\System32\combase.dll
0x00007ffd80af0000 - 0x00007ffd80b6a000 	C:\Windows\System32\bcryptPrimitives.dll
0x00007ffd81940000 - 0x00007ffd8196d000 	C:\Windows\System32\IMM32.DLL
0x000000005db10000 - 0x000000005dbe2000 	D:\AndroidStudio\android-studio\jre\jre\bin\msvcr100.dll
0x000000005dbf0000 - 0x000000005e431000 	D:\AndroidStudio\android-studio\jre\jre\bin\server\jvm.dll
0x00007ffd80d60000 - 0x00007ffd80d68000 	C:\Windows\System32\PSAPI.DLL
0x00007ffd7da80000 - 0x00007ffd7da89000 	C:\Windows\SYSTEM32\WSOCK32.dll
0x00007ffd83060000 - 0x00007ffd830cc000 	C:\Windows\System32\WS2_32.dll
0x00007ffd7da10000 - 0x00007ffd7da33000 	C:\Windows\SYSTEM32\WINMM.dll
0x00007ffd7e800000 - 0x00007ffd7e80a000 	C:\Windows\SYSTEM32\VERSION.dll
0x00007ffd7d9e0000 - 0x00007ffd7da0a000 	C:\Windows\SYSTEM32\winmmbase.dll
0x00007ffd7ffe0000 - 0x00007ffd80029000 	C:\Windows\System32\cfgmgr32.dll
0x00007ffd7c440000 - 0x00007ffd7c44f000 	D:\AndroidStudio\android-studio\jre\jre\bin\verify.dll
0x00007ffd7b450000 - 0x00007ffd7b479000 	D:\AndroidStudio\android-studio\jre\jre\bin\java.dll
0x00007ffd7b430000 - 0x00007ffd7b446000 	D:\AndroidStudio\android-studio\jre\jre\bin\zip.dll
0x00007ffd81c20000 - 0x00007ffd83060000 	C:\Windows\System32\SHELL32.dll
0x00007ffd831f0000 - 0x00007ffd83299000 	C:\Windows\System32\shcore.dll
0x00007ffd800e0000 - 0x00007ffd807ed000 	C:\Windows\System32\windows.storage.dll
0x00007ffd83130000 - 0x00007ffd83181000 	C:\Windows\System32\shlwapi.dll
0x00007ffd7fc40000 - 0x00007ffd7fc51000 	C:\Windows\System32\kernel.appcore.dll
0x00007ffd7fc80000 - 0x00007ffd7fc9f000 	C:\Windows\System32\profapi.dll
0x00007ffd7fbf0000 - 0x00007ffd7fc3c000 	C:\Windows\System32\powrprof.dll
0x00007ffd7fbe0000 - 0x00007ffd7fbea000 	C:\Windows\System32\FLTLIB.DLL
0x00007ffd791b0000 - 0x00007ffd791ca000 	D:\AndroidStudio\android-studio\jre\jre\bin\net.dll
0x00007ffd7f440000 - 0x00007ffd7f4a6000 	C:\Windows\system32\mswsock.dll
0x00007ffd79190000 - 0x00007ffd791a1000 	D:\AndroidStudio\android-studio\jre\jre\bin\nio.dll
0x00007ffd77ac0000 - 0x00007ffd77ade000 	C:\Users\Administrator\.gradle\native\25\windows-amd64\native-platform.dll
0x00007ffd7c430000 - 0x00007ffd7c43d000 	D:\AndroidStudio\android-studio\jre\jre\bin\management.dll
0x00007ffd7f5f0000 - 0x00007ffd7f607000 	C:\Windows\SYSTEM32\CRYPTSP.dll
0x00007ffd7efc0000 - 0x00007ffd7eff3000 	C:\Windows\system32\rsaenh.dll
0x00007ffd7f720000 - 0x00007ffd7f745000 	C:\Windows\SYSTEM32\bcrypt.dll
0x00007ffd7fae0000 - 0x00007ffd7fb08000 	C:\Windows\SYSTEM32\USERENV.dll
0x00007ffd7f610000 - 0x00007ffd7f61b000 	C:\Windows\SYSTEM32\CRYPTBASE.dll
0x00007ffd7f1c0000 - 0x00007ffd7f1f8000 	C:\Windows\SYSTEM32\IPHLPAPI.DLL
0x00007ffd80f70000 - 0x00007ffd80f78000 	C:\Windows\System32\NSI.dll
0x00007ffd7b410000 - 0x00007ffd7b426000 	C:\Windows\SYSTEM32\dhcpcsvc6.DLL
0x00007ffd7b3f0000 - 0x00007ffd7b40a000 	C:\Windows\SYSTEM32\dhcpcsvc.DLL
0x00007ffd79710000 - 0x00007ffd79734000 	D:\AndroidStudio\android-studio\jre\jre\bin\sunec.dll
0x00007ffd7f200000 - 0x00007ffd7f2be000 	C:\Windows\SYSTEM32\DNSAPI.dll
0x00007ffd79fc0000 - 0x00007ffd79fca000 	C:\Windows\System32\rasadhlp.dll
0x00007ffd79ca0000 - 0x00007ffd79d12000 	C:\Windows\System32\fwpuclnt.dll
0x00007ffd7c350000 - 0x00007ffd7c35b000 	D:\AndroidStudio\android-studio\jre\jre\bin\sunmscapi.dll
0x00007ffd80b70000 - 0x00007ffd80d52000 	C:\Windows\System32\CRYPT32.dll
0x00007ffd7fc60000 - 0x00007ffd7fc72000 	C:\Windows\System32\MSASN1.dll
0x00007ffd7ecb0000 - 0x00007ffd7ece1000 	C:\Windows\SYSTEM32\ntmarta.dll

VM Arguments:
jvm_args: -Xmx1536m -Dfile.encoding=GBK -Duser.country=CN -Duser.language=zh -Duser.variant 
java_command: org.gradle.launcher.daemon.bootstrap.GradleDaemon 5.1.1
java_class_path (initial): C:\Users\Administrator\.gradle\wrapper\dists\gradle-5.1.1-all\97z1ksx6lirer3kbvdnh7jtjg\gradle-5.1.1\lib\gradle-launcher-5.1.1.jar
Launcher Type: SUN_STANDARD

Environment Variables:
JAVA_HOME=C:\Program Files (x86)\Java\jdk1.8.0_73
CLASSPATH=.C:\Program Files (x86)\Java\jdk1.8.0_73lib;C:\Program Files (x86)\Java\jdk1.8.0_73lib\tools.jar
PATH=C:\ProgramData\Oracle\Java\javapath;C:\Windows\system32;C:\Windows;C:\Windows\System32\Wbem;C:\Windows\System32\WindowsPowerShell\v1.0\;C:\Windows\System32\OpenSSH\;H:\Git\Git\cmd;H:\SVN\bin;C:\Program Files (x86)\Java\jdk1.8.0_73\bin;C:\Program Files (x86)\Java\jdk1.8.0_73\jre\bin;C:\Users\Administrator\AppData\Local\Android\Sdk\platform-tools;C:\Program Files\MySQL\MySQL Server 8.0\bin;C:\Users\Administrator\AppData\Local\Android\Sdk\ndk-bundle;;C:\Program Files (x86)\NVIDIA Corporation\PhysX\Common;C:\Program Files\NVIDIA Corporation\NVIDIA NvDLISR;C:\Program Files\MySQL\MySQL Shell 8.0\bin\
USERNAME=Administrator
OS=Windows_NT
PROCESSOR_IDENTIFIER=Intel64 Family 6 Model 158 Stepping 10, GenuineIntel



---------------  S Y S T E M  ---------------

OS: Windows 10.0 , 64 bit Build 17134 (10.0.17134.706)

CPU:total 6 (initial active 6) (6 cores per cpu, 1 threads per core) family 6 model 158 stepping 10, cmov, cx8, fxsr, mmx, sse, sse2, sse3, ssse3, sse4.1, sse4.2, popcnt, avx, avx2, aes, clmul, erms, 3dnowpref, lzcnt, tsc, tscinvbit, bmi1, bmi2, adx

Memory: 4k page, physical 8320488k(550064k free), swap 12514792k(3100k free)

vm_info: OpenJDK 64-Bit Server VM (25.152-b01) for windows-amd64 JRE (1.8.0_152-release-1343-b01), built by "builder" with MS VC++ 10.0 (VS2010)

time: Tue Aug 13 11:18:22 2019
elapsed time: 27 seconds (0d 0h 0m 27s)

